1612518061942	mozrunner::runner	INFO	Running command: "C:\\Program Files\\Mozilla Firefox\\firefox.exe" "-marionette" "lang=zh_CN.UTF-8" "--incognito" "--start-maximized" "-foreground" "-no-remote" "-profile" "C:\\Users\\TYLERT~1\\AppData\\Local\\Temp\\rust_mozprofile.sr8rV3WUW4pb"
JavaScript error: resource://gre/modules/XULStore.jsm, line 66: Error: Can't find profile directory.
console.warn: SearchSettings: "get: No settings file exists, new profile?" (new Error("", "(unknown module)"))
1612518065009	Marionette	INFO	Listening on port 52558
1612518065080	Marionette	WARN	TLS certificate errors will be ignored for this session
1612518066767	Marionette	INFO	Stopped listening on port 52558

###!!! [Child][RunMessage] Error: Channel closing: too late to send/recv, messages will be lost

1612518071376	mozrunner::runner	INFO	Running command: "C:\\Program Files\\Mozilla Firefox\\firefox.exe" "-marionette" "lang=zh_CN.UTF-8" "--incognito" "--start-maximized" "-foreground" "-no-remote" "-profile" "C:\\Users\\TYLERT~1\\AppData\\Local\\Temp\\rust_mozprofile.duGRvsW1UsD8"
JavaScript error: resource://gre/modules/XULStore.jsm, line 66: Error: Can't find profile directory.
console.warn: SearchSettings: "get: No settings file exists, new profile?" (new Error("", "(unknown module)"))
1612518074673	Marionette	INFO	Listening on port 52648
1612518075090	Marionette	WARN	TLS certificate errors will be ignored for this session
1612518075809	Marionette	INFO	Stopped listening on port 52648

###!!! [Child][RunMessage] Error: Channel closing: too late to send/recv, messages will be lost

1612518095091	mozrunner::runner	INFO	Running command: "C:\\Program Files\\Mozilla Firefox\\firefox.exe" "-marionette" "lang=zh_CN.UTF-8" "--incognito" "--start-maximized" "-foreground" "-no-remote" "-profile" "C:\\Users\\TYLERT~1\\AppData\\Local\\Temp\\rust_mozprofile.8O9Krgu12GK9"
JavaScript error: resource://gre/modules/XULStore.jsm, line 66: Error: Can't find profile directory.
console.warn: SearchSettings: "get: No settings file exists, new profile?" (new Error("", "(unknown module)"))
1612518097298	Marionette	INFO	Listening on port 52729
1612518097724	Marionette	WARN	TLS certificate errors will be ignored for this session
1612518099299	Marionette	INFO	Stopped listening on port 52729

###!!! [Child][RunMessage] Error: Channel closing: too late to send/recv, messages will be lost

1612518103532	mozrunner::runner	INFO	Running command: "C:\\Program Files\\Mozilla Firefox\\firefox.exe" "-marionette" "lang=zh_CN.UTF-8" "--incognito" "--start-maximized" "-foreground" "-no-remote" "-profile" "C:\\Users\\TYLERT~1\\AppData\\Local\\Temp\\rust_mozprofile.O6DDfMd6wDxu"
JavaScript error: resource://gre/modules/XULStore.jsm, line 66: Error: Can't find profile directory.
console.warn: SearchSettings: "get: No settings file exists, new profile?" (new Error("", "(unknown module)"))
1612518105769	Marionette	INFO	Listening on port 52816
1612518106163	Marionette	WARN	TLS certificate errors will be ignored for this session
1612518106796	Marionette	INFO	Stopped listening on port 52816
JavaScript error: resource://activity-stream/lib/ASRouter.jsm, line 987: NS_ERROR_ILLEGAL_VALUE: Component returned failure code: 0x80070057 (NS_ERROR_ILLEGAL_VALUE) [nsIObserverService.removeObserver]
[Child 79384, Chrome_ChildThread] WARNING: pipe error: 232: file /builds/worker/checkouts/gecko/ipc/chromium/src/chrome/common/ipc_channel_win.cc:545

###!!! [Child][RunMessage] Error: Channel closing: too late to send/recv, messages will be lost

