!!--!!display_finds_element - 2021-09-15 14:30:48,803 - browser_actions - [browser_actions.py-->line:117] - ERROR: 元素不存在或者不可见：Message: 

!!--!!nosuch_elements - 2021-09-15 14:30:48,806 - browser_actions - [browser_actions.py-->line:144] - ERROR: object of type 'NoneType' has no len()
!!--!!display_input - 2021-09-15 14:30:48,808 - browser_actions - [browser_actions.py-->line:221] - ERROR: 'NoneType' object has no attribute 'send_keys'
!!--!!display_finds_element - 2021-09-15 14:30:54,856 - browser_actions - [browser_actions.py-->line:117] - ERROR: 元素不存在或者不可见：Message: 

!!--!!display_finds_element - 2021-09-15 14:30:54,856 - browser_actions - [browser_actions.py-->line:117] - ERROR: 元素不存在或者不可见：Message: 

!!--!!nosuch_elements - 2021-09-15 14:30:54,883 - browser_actions - [browser_actions.py-->line:144] - ERROR: object of type 'NoneType' has no len()
!!--!!nosuch_elements - 2021-09-15 14:30:54,883 - browser_actions - [browser_actions.py-->line:144] - ERROR: object of type 'NoneType' has no len()
!!--!!display_input - 2021-09-15 14:30:54,892 - browser_actions - [browser_actions.py-->line:221] - ERROR: 'NoneType' object has no attribute 'send_keys'
!!--!!display_input - 2021-09-15 14:30:54,892 - browser_actions - [browser_actions.py-->line:221] - ERROR: 'NoneType' object has no attribute 'send_keys'
!!--!!display_click - 2021-09-15 14:30:56,476 - browser_actions - [browser_actions.py-->line:261] - ERROR: Message: element click intercepted: Element <span>...</span> is not clickable at point (1044, 560). Other element would receive the click: <div data-v-85d46342="" class="el-dialog__wrapper" style="z-index: 2001;">...</div>
  (Session info: chrome=93.0.4577.63)

!!--!!login_bos - 2021-09-15 14:32:14,981 - common_method - [common_method.py-->line:141] - ERROR: list index out of range
!!--!!login_cp - 2021-09-15 14:32:22,578 - common_method - [common_method.py-->line:92] - ERROR: Message: element click intercepted: Element <button data-v-5dd75122="" type="button" class="el-button login-btn el-button--default">...</button> is not clickable at point (1246, 610). Other element would receive the click: <div data-v-85d46342="" class="el-dialog__wrapper" style="z-index: 2001;">...</div>
  (Session info: chrome=93.0.4577.63)

!!--!!nosuch_elements - 2021-09-15 14:34:55,107 - browser_actions - [browser_actions.py-->line:144] - ERROR: object of type 'NoneType' has no len()
!!--!!display_get_text - 2021-09-15 14:34:55,109 - browser_actions - [browser_actions.py-->line:245] - ERROR: 'NoneType' object has no attribute 'text'
!!--!!nosuch_elements - 2021-09-15 14:34:55,624 - browser_actions - [browser_actions.py-->line:144] - ERROR: object of type 'NoneType' has no len()
!!--!!nosuch_elements - 2021-09-15 14:34:55,624 - browser_actions - [browser_actions.py-->line:144] - ERROR: object of type 'NoneType' has no len()
!!--!!display_get_text - 2021-09-15 14:34:55,627 - browser_actions - [browser_actions.py-->line:245] - ERROR: 'NoneType' object has no attribute 'text'
!!--!!display_get_text - 2021-09-15 14:34:55,627 - browser_actions - [browser_actions.py-->line:245] - ERROR: 'NoneType' object has no attribute 'text'
!!--!!driver_name - 2021-09-15 15:00:53,620 - browser_actions - [browser_actions.py-->line:48] - ERROR: 启动浏览器异常Message: session not created
from tab crashed
  (Session info: chrome=93.0.4577.63)

!!--!!url_error - 2021-09-15 15:00:53,624 - browser_actions - [browser_actions.py-->line:55] - WARNING: 请输入正确的域名
!!--!!choose_register_lang - 2021-09-15 15:00:54,634 - common_method - [common_method.py-->line:75] - ERROR: 'NoneType' object has no attribute 'find_element_by_css_selector'
!!--!!display_finds_element - 2021-09-15 15:00:57,653 - browser_actions - [browser_actions.py-->line:117] - ERROR: 元素不存在或者不可见：'Commonweb' object has no attribute 'driver'
!!--!!nosuch_elements - 2021-09-15 15:00:57,655 - browser_actions - [browser_actions.py-->line:144] - ERROR: object of type 'NoneType' has no len()
!!--!!get_attributes - 2021-09-15 15:00:57,656 - browser_actions - [browser_actions.py-->line:151] - ERROR: 'NoneType' object has no attribute 'get_attribute'
!!--!!display_finds_element - 2021-09-15 15:00:57,658 - browser_actions - [browser_actions.py-->line:117] - ERROR: 元素不存在或者不可见：'Commonweb' object has no attribute 'driver'
!!--!!display_finds_element - 2021-09-15 15:00:57,658 - browser_actions - [browser_actions.py-->line:117] - ERROR: 元素不存在或者不可见：'Commonweb' object has no attribute 'driver'
!!--!!nosuch_elements - 2021-09-15 15:00:57,659 - browser_actions - [browser_actions.py-->line:144] - ERROR: object of type 'NoneType' has no len()
!!--!!nosuch_elements - 2021-09-15 15:00:57,659 - browser_actions - [browser_actions.py-->line:144] - ERROR: object of type 'NoneType' has no len()
!!--!!display_click - 2021-09-15 15:00:57,660 - browser_actions - [browser_actions.py-->line:261] - ERROR: 'NoneType' object has no attribute 'click'
!!--!!display_finds_element - 2021-09-15 15:00:58,676 - browser_actions - [browser_actions.py-->line:117] - ERROR: 元素不存在或者不可见：'Commonweb' object has no attribute 'driver'
!!--!!display_finds_element - 2021-09-15 15:00:58,676 - browser_actions - [browser_actions.py-->line:117] - ERROR: 元素不存在或者不可见：'Commonweb' object has no attribute 'driver'
!!--!!display_finds_element - 2021-09-15 15:00:58,676 - browser_actions - [browser_actions.py-->line:117] - ERROR: 元素不存在或者不可见：'Commonweb' object has no attribute 'driver'
!!--!!nosuch_elements - 2021-09-15 15:00:58,679 - browser_actions - [browser_actions.py-->line:144] - ERROR: object of type 'NoneType' has no len()
!!--!!nosuch_elements - 2021-09-15 15:00:58,679 - browser_actions - [browser_actions.py-->line:144] - ERROR: object of type 'NoneType' has no len()
!!--!!nosuch_elements - 2021-09-15 15:00:58,679 - browser_actions - [browser_actions.py-->line:144] - ERROR: object of type 'NoneType' has no len()
!!--!!display_click - 2021-09-15 15:00:58,680 - browser_actions - [browser_actions.py-->line:261] - ERROR: 'NoneType' object has no attribute 'click'
!!--!!display_click - 2021-09-15 15:00:58,680 - browser_actions - [browser_actions.py-->line:261] - ERROR: 'NoneType' object has no attribute 'click'
!!--!!display_finds_element - 2021-09-15 15:00:59,698 - browser_actions - [browser_actions.py-->line:117] - ERROR: 元素不存在或者不可见：'Commonweb' object has no attribute 'driver'
!!--!!display_finds_element - 2021-09-15 15:00:59,698 - browser_actions - [browser_actions.py-->line:117] - ERROR: 元素不存在或者不可见：'Commonweb' object has no attribute 'driver'
!!--!!display_finds_element - 2021-09-15 15:00:59,698 - browser_actions - [browser_actions.py-->line:117] - ERROR: 元素不存在或者不可见：'Commonweb' object has no attribute 'driver'
!!--!!display_finds_element - 2021-09-15 15:00:59,698 - browser_actions - [browser_actions.py-->line:117] - ERROR: 元素不存在或者不可见：'Commonweb' object has no attribute 'driver'
!!--!!nosuch_elements - 2021-09-15 15:00:59,702 - browser_actions - [browser_actions.py-->line:144] - ERROR: object of type 'NoneType' has no len()
!!--!!nosuch_elements - 2021-09-15 15:00:59,702 - browser_actions - [browser_actions.py-->line:144] - ERROR: object of type 'NoneType' has no len()
!!--!!nosuch_elements - 2021-09-15 15:00:59,702 - browser_actions - [browser_actions.py-->line:144] - ERROR: object of type 'NoneType' has no len()
!!--!!nosuch_elements - 2021-09-15 15:00:59,702 - browser_actions - [browser_actions.py-->line:144] - ERROR: object of type 'NoneType' has no len()
!!--!!display_click - 2021-09-15 15:00:59,705 - browser_actions - [browser_actions.py-->line:261] - ERROR: 'NoneType' object has no attribute 'click'
!!--!!display_click - 2021-09-15 15:00:59,705 - browser_actions - [browser_actions.py-->line:261] - ERROR: 'NoneType' object has no attribute 'click'
!!--!!display_click - 2021-09-15 15:00:59,705 - browser_actions - [browser_actions.py-->line:261] - ERROR: 'NoneType' object has no attribute 'click'
!!--!!display_finds_element - 2021-09-15 15:01:01,714 - browser_actions - [browser_actions.py-->line:117] - ERROR: 元素不存在或者不可见：'Commonweb' object has no attribute 'driver'
!!--!!display_finds_element - 2021-09-15 15:01:01,714 - browser_actions - [browser_actions.py-->line:117] - ERROR: 元素不存在或者不可见：'Commonweb' object has no attribute 'driver'
!!--!!display_finds_element - 2021-09-15 15:01:01,714 - browser_actions - [browser_actions.py-->line:117] - ERROR: 元素不存在或者不可见：'Commonweb' object has no attribute 'driver'
!!--!!display_finds_element - 2021-09-15 15:01:01,714 - browser_actions - [browser_actions.py-->line:117] - ERROR: 元素不存在或者不可见：'Commonweb' object has no attribute 'driver'
!!--!!display_finds_element - 2021-09-15 15:01:01,714 - browser_actions - [browser_actions.py-->line:117] - ERROR: 元素不存在或者不可见：'Commonweb' object has no attribute 'driver'
!!--!!nosuch_elements - 2021-09-15 15:01:01,717 - browser_actions - [browser_actions.py-->line:144] - ERROR: object of type 'NoneType' has no len()
!!--!!nosuch_elements - 2021-09-15 15:01:01,717 - browser_actions - [browser_actions.py-->line:144] - ERROR: object of type 'NoneType' has no len()
!!--!!nosuch_elements - 2021-09-15 15:01:01,717 - browser_actions - [browser_actions.py-->line:144] - ERROR: object of type 'NoneType' has no len()
!!--!!nosuch_elements - 2021-09-15 15:01:01,717 - browser_actions - [browser_actions.py-->line:144] - ERROR: object of type 'NoneType' has no len()
!!--!!nosuch_elements - 2021-09-15 15:01:01,717 - browser_actions - [browser_actions.py-->line:144] - ERROR: object of type 'NoneType' has no len()
!!--!!display_click - 2021-09-15 15:01:01,719 - browser_actions - [browser_actions.py-->line:261] - ERROR: 'NoneType' object has no attribute 'click'
!!--!!display_click - 2021-09-15 15:01:01,719 - browser_actions - [browser_actions.py-->line:261] - ERROR: 'NoneType' object has no attribute 'click'
!!--!!display_click - 2021-09-15 15:01:01,719 - browser_actions - [browser_actions.py-->line:261] - ERROR: 'NoneType' object has no attribute 'click'
!!--!!display_click - 2021-09-15 15:01:01,719 - browser_actions - [browser_actions.py-->line:261] - ERROR: 'NoneType' object has no attribute 'click'
!!--!!display_finds_element - 2021-09-15 15:01:02,723 - browser_actions - [browser_actions.py-->line:117] - ERROR: 元素不存在或者不可见：'Commonweb' object has no attribute 'driver'
!!--!!display_finds_element - 2021-09-15 15:01:02,723 - browser_actions - [browser_actions.py-->line:117] - ERROR: 元素不存在或者不可见：'Commonweb' object has no attribute 'driver'
!!--!!display_finds_element - 2021-09-15 15:01:02,723 - browser_actions - [browser_actions.py-->line:117] - ERROR: 元素不存在或者不可见：'Commonweb' object has no attribute 'driver'
!!--!!display_finds_element - 2021-09-15 15:01:02,723 - browser_actions - [browser_actions.py-->line:117] - ERROR: 元素不存在或者不可见：'Commonweb' object has no attribute 'driver'
!!--!!display_finds_element - 2021-09-15 15:01:02,723 - browser_actions - [browser_actions.py-->line:117] - ERROR: 元素不存在或者不可见：'Commonweb' object has no attribute 'driver'
!!--!!display_finds_element - 2021-09-15 15:01:02,723 - browser_actions - [browser_actions.py-->line:117] - ERROR: 元素不存在或者不可见：'Commonweb' object has no attribute 'driver'
!!--!!nosuch_elements - 2021-09-15 15:01:02,727 - browser_actions - [browser_actions.py-->line:144] - ERROR: object of type 'NoneType' has no len()
!!--!!nosuch_elements - 2021-09-15 15:01:02,727 - browser_actions - [browser_actions.py-->line:144] - ERROR: object of type 'NoneType' has no len()
!!--!!nosuch_elements - 2021-09-15 15:01:02,727 - browser_actions - [browser_actions.py-->line:144] - ERROR: object of type 'NoneType' has no len()
!!--!!nosuch_elements - 2021-09-15 15:01:02,727 - browser_actions - [browser_actions.py-->line:144] - ERROR: object of type 'NoneType' has no len()
!!--!!nosuch_elements - 2021-09-15 15:01:02,727 - browser_actions - [browser_actions.py-->line:144] - ERROR: object of type 'NoneType' has no len()
!!--!!nosuch_elements - 2021-09-15 15:01:02,727 - browser_actions - [browser_actions.py-->line:144] - ERROR: object of type 'NoneType' has no len()
!!--!!display_click - 2021-09-15 15:01:02,730 - browser_actions - [browser_actions.py-->line:261] - ERROR: 'NoneType' object has no attribute 'click'
!!--!!display_click - 2021-09-15 15:01:02,730 - browser_actions - [browser_actions.py-->line:261] - ERROR: 'NoneType' object has no attribute 'click'
!!--!!display_click - 2021-09-15 15:01:02,730 - browser_actions - [browser_actions.py-->line:261] - ERROR: 'NoneType' object has no attribute 'click'
!!--!!display_click - 2021-09-15 15:01:02,730 - browser_actions - [browser_actions.py-->line:261] - ERROR: 'NoneType' object has no attribute 'click'
!!--!!display_click - 2021-09-15 15:01:02,730 - browser_actions - [browser_actions.py-->line:261] - ERROR: 'NoneType' object has no attribute 'click'
!!--!!display_finds_element - 2021-09-15 15:01:04,744 - browser_actions - [browser_actions.py-->line:117] - ERROR: 元素不存在或者不可见：'Commonweb' object has no attribute 'driver'
!!--!!display_finds_element - 2021-09-15 15:01:04,744 - browser_actions - [browser_actions.py-->line:117] - ERROR: 元素不存在或者不可见：'Commonweb' object has no attribute 'driver'
!!--!!display_finds_element - 2021-09-15 15:01:04,744 - browser_actions - [browser_actions.py-->line:117] - ERROR: 元素不存在或者不可见：'Commonweb' object has no attribute 'driver'
!!--!!display_finds_element - 2021-09-15 15:01:04,744 - browser_actions - [browser_actions.py-->line:117] - ERROR: 元素不存在或者不可见：'Commonweb' object has no attribute 'driver'
!!--!!display_finds_element - 2021-09-15 15:01:04,744 - browser_actions - [browser_actions.py-->line:117] - ERROR: 元素不存在或者不可见：'Commonweb' object has no attribute 'driver'
!!--!!display_finds_element - 2021-09-15 15:01:04,744 - browser_actions - [browser_actions.py-->line:117] - ERROR: 元素不存在或者不可见：'Commonweb' object has no attribute 'driver'
!!--!!display_finds_element - 2021-09-15 15:01:04,744 - browser_actions - [browser_actions.py-->line:117] - ERROR: 元素不存在或者不可见：'Commonweb' object has no attribute 'driver'
!!--!!nosuch_elements - 2021-09-15 15:01:04,748 - browser_actions - [browser_actions.py-->line:144] - ERROR: object of type 'NoneType' has no len()
!!--!!nosuch_elements - 2021-09-15 15:01:04,748 - browser_actions - [browser_actions.py-->line:144] - ERROR: object of type 'NoneType' has no len()
!!--!!nosuch_elements - 2021-09-15 15:01:04,748 - browser_actions - [browser_actions.py-->line:144] - ERROR: object of type 'NoneType' has no len()
!!--!!nosuch_elements - 2021-09-15 15:01:04,748 - browser_actions - [browser_actions.py-->line:144] - ERROR: object of type 'NoneType' has no len()
!!--!!nosuch_elements - 2021-09-15 15:01:04,748 - browser_actions - [browser_actions.py-->line:144] - ERROR: object of type 'NoneType' has no len()
!!--!!nosuch_elements - 2021-09-15 15:01:04,748 - browser_actions - [browser_actions.py-->line:144] - ERROR: object of type 'NoneType' has no len()
!!--!!nosuch_elements - 2021-09-15 15:01:04,748 - browser_actions - [browser_actions.py-->line:144] - ERROR: object of type 'NoneType' has no len()
!!--!!display_click - 2021-09-15 15:01:04,752 - browser_actions - [browser_actions.py-->line:261] - ERROR: 'NoneType' object has no attribute 'click'
!!--!!display_click - 2021-09-15 15:01:04,752 - browser_actions - [browser_actions.py-->line:261] - ERROR: 'NoneType' object has no attribute 'click'
!!--!!display_click - 2021-09-15 15:01:04,752 - browser_actions - [browser_actions.py-->line:261] - ERROR: 'NoneType' object has no attribute 'click'
!!--!!display_click - 2021-09-15 15:01:04,752 - browser_actions - [browser_actions.py-->line:261] - ERROR: 'NoneType' object has no attribute 'click'
!!--!!display_click - 2021-09-15 15:01:04,752 - browser_actions - [browser_actions.py-->line:261] - ERROR: 'NoneType' object has no attribute 'click'
!!--!!display_click - 2021-09-15 15:01:04,752 - browser_actions - [browser_actions.py-->line:261] - ERROR: 'NoneType' object has no attribute 'click'
!!--!!display_finds_element - 2021-09-15 15:01:05,765 - browser_actions - [browser_actions.py-->line:117] - ERROR: 元素不存在或者不可见：'Commonweb' object has no attribute 'driver'
!!--!!display_finds_element - 2021-09-15 15:01:05,765 - browser_actions - [browser_actions.py-->line:117] - ERROR: 元素不存在或者不可见：'Commonweb' object has no attribute 'driver'
!!--!!display_finds_element - 2021-09-15 15:01:05,765 - browser_actions - [browser_actions.py-->line:117] - ERROR: 元素不存在或者不可见：'Commonweb' object has no attribute 'driver'
!!--!!display_finds_element - 2021-09-15 15:01:05,765 - browser_actions - [browser_actions.py-->line:117] - ERROR: 元素不存在或者不可见：'Commonweb' object has no attribute 'driver'
!!--!!display_finds_element - 2021-09-15 15:01:05,765 - browser_actions - [browser_actions.py-->line:117] - ERROR: 元素不存在或者不可见：'Commonweb' object has no attribute 'driver'
!!--!!display_finds_element - 2021-09-15 15:01:05,765 - browser_actions - [browser_actions.py-->line:117] - ERROR: 元素不存在或者不可见：'Commonweb' object has no attribute 'driver'
!!--!!display_finds_element - 2021-09-15 15:01:05,765 - browser_actions - [browser_actions.py-->line:117] - ERROR: 元素不存在或者不可见：'Commonweb' object has no attribute 'driver'
!!--!!display_finds_element - 2021-09-15 15:01:05,765 - browser_actions - [browser_actions.py-->line:117] - ERROR: 元素不存在或者不可见：'Commonweb' object has no attribute 'driver'
!!--!!nosuch_elements - 2021-09-15 15:01:05,770 - browser_actions - [browser_actions.py-->line:144] - ERROR: object of type 'NoneType' has no len()
!!--!!nosuch_elements - 2021-09-15 15:01:05,770 - browser_actions - [browser_actions.py-->line:144] - ERROR: object of type 'NoneType' has no len()
!!--!!nosuch_elements - 2021-09-15 15:01:05,770 - browser_actions - [browser_actions.py-->line:144] - ERROR: object of type 'NoneType' has no len()
!!--!!nosuch_elements - 2021-09-15 15:01:05,770 - browser_actions - [browser_actions.py-->line:144] - ERROR: object of type 'NoneType' has no len()
!!--!!nosuch_elements - 2021-09-15 15:01:05,770 - browser_actions - [browser_actions.py-->line:144] - ERROR: object of type 'NoneType' has no len()
!!--!!nosuch_elements - 2021-09-15 15:01:05,770 - browser_actions - [browser_actions.py-->line:144] - ERROR: object of type 'NoneType' has no len()
!!--!!nosuch_elements - 2021-09-15 15:01:05,770 - browser_actions - [browser_actions.py-->line:144] - ERROR: object of type 'NoneType' has no len()
!!--!!nosuch_elements - 2021-09-15 15:01:05,770 - browser_actions - [browser_actions.py-->line:144] - ERROR: object of type 'NoneType' has no len()
!!--!!display_click - 2021-09-15 15:01:05,774 - browser_actions - [browser_actions.py-->line:261] - ERROR: 'NoneType' object has no attribute 'click'
!!--!!display_click - 2021-09-15 15:01:05,774 - browser_actions - [browser_actions.py-->line:261] - ERROR: 'NoneType' object has no attribute 'click'
!!--!!display_click - 2021-09-15 15:01:05,774 - browser_actions - [browser_actions.py-->line:261] - ERROR: 'NoneType' object has no attribute 'click'
!!--!!display_click - 2021-09-15 15:01:05,774 - browser_actions - [browser_actions.py-->line:261] - ERROR: 'NoneType' object has no attribute 'click'
!!--!!display_click - 2021-09-15 15:01:05,774 - browser_actions - [browser_actions.py-->line:261] - ERROR: 'NoneType' object has no attribute 'click'
!!--!!display_click - 2021-09-15 15:01:05,774 - browser_actions - [browser_actions.py-->line:261] - ERROR: 'NoneType' object has no attribute 'click'
!!--!!display_click - 2021-09-15 15:01:05,774 - browser_actions - [browser_actions.py-->line:261] - ERROR: 'NoneType' object has no attribute 'click'
!!--!!display_finds_element - 2021-09-15 15:01:06,279 - browser_actions - [browser_actions.py-->line:117] - ERROR: 元素不存在或者不可见：'Commonweb' object has no attribute 'driver'
!!--!!display_finds_element - 2021-09-15 15:01:06,279 - browser_actions - [browser_actions.py-->line:117] - ERROR: 元素不存在或者不可见：'Commonweb' object has no attribute 'driver'
!!--!!display_finds_element - 2021-09-15 15:01:06,279 - browser_actions - [browser_actions.py-->line:117] - ERROR: 元素不存在或者不可见：'Commonweb' object has no attribute 'driver'
!!--!!display_finds_element - 2021-09-15 15:01:06,279 - browser_actions - [browser_actions.py-->line:117] - ERROR: 元素不存在或者不可见：'Commonweb' object has no attribute 'driver'
!!--!!display_finds_element - 2021-09-15 15:01:06,279 - browser_actions - [browser_actions.py-->line:117] - ERROR: 元素不存在或者不可见：'Commonweb' object has no attribute 'driver'
!!--!!display_finds_element - 2021-09-15 15:01:06,279 - browser_actions - [browser_actions.py-->line:117] - ERROR: 元素不存在或者不可见：'Commonweb' object has no attribute 'driver'
!!--!!display_finds_element - 2021-09-15 15:01:06,279 - browser_actions - [browser_actions.py-->line:117] - ERROR: 元素不存在或者不可见：'Commonweb' object has no attribute 'driver'
!!--!!display_finds_element - 2021-09-15 15:01:06,279 - browser_actions - [browser_actions.py-->line:117] - ERROR: 元素不存在或者不可见：'Commonweb' object has no attribute 'driver'
!!--!!display_finds_element - 2021-09-15 15:01:06,279 - browser_actions - [browser_actions.py-->line:117] - ERROR: 元素不存在或者不可见：'Commonweb' object has no attribute 'driver'
!!--!!nosuch_elements - 2021-09-15 15:01:06,283 - browser_actions - [browser_actions.py-->line:144] - ERROR: object of type 'NoneType' has no len()
!!--!!nosuch_elements - 2021-09-15 15:01:06,283 - browser_actions - [browser_actions.py-->line:144] - ERROR: object of type 'NoneType' has no len()
!!--!!nosuch_elements - 2021-09-15 15:01:06,283 - browser_actions - [browser_actions.py-->line:144] - ERROR: object of type 'NoneType' has no len()
!!--!!nosuch_elements - 2021-09-15 15:01:06,283 - browser_actions - [browser_actions.py-->line:144] - ERROR: object of type 'NoneType' has no len()
!!--!!nosuch_elements - 2021-09-15 15:01:06,283 - browser_actions - [browser_actions.py-->line:144] - ERROR: object of type 'NoneType' has no len()
!!--!!nosuch_elements - 2021-09-15 15:01:06,283 - browser_actions - [browser_actions.py-->line:144] - ERROR: object of type 'NoneType' has no len()
!!--!!nosuch_elements - 2021-09-15 15:01:06,283 - browser_actions - [browser_actions.py-->line:144] - ERROR: object of type 'NoneType' has no len()
!!--!!nosuch_elements - 2021-09-15 15:01:06,283 - browser_actions - [browser_actions.py-->line:144] - ERROR: object of type 'NoneType' has no len()
!!--!!nosuch_elements - 2021-09-15 15:01:06,283 - browser_actions - [browser_actions.py-->line:144] - ERROR: object of type 'NoneType' has no len()
!!--!!display_click - 2021-09-15 15:01:06,286 - browser_actions - [browser_actions.py-->line:261] - ERROR: 'NoneType' object has no attribute 'click'
!!--!!display_click - 2021-09-15 15:01:06,286 - browser_actions - [browser_actions.py-->line:261] - ERROR: 'NoneType' object has no attribute 'click'
!!--!!display_click - 2021-09-15 15:01:06,286 - browser_actions - [browser_actions.py-->line:261] - ERROR: 'NoneType' object has no attribute 'click'
!!--!!display_click - 2021-09-15 15:01:06,286 - browser_actions - [browser_actions.py-->line:261] - ERROR: 'NoneType' object has no attribute 'click'
!!--!!display_click - 2021-09-15 15:01:06,286 - browser_actions - [browser_actions.py-->line:261] - ERROR: 'NoneType' object has no attribute 'click'
!!--!!display_click - 2021-09-15 15:01:06,286 - browser_actions - [browser_actions.py-->line:261] - ERROR: 'NoneType' object has no attribute 'click'
!!--!!display_click - 2021-09-15 15:01:06,286 - browser_actions - [browser_actions.py-->line:261] - ERROR: 'NoneType' object has no attribute 'click'
!!--!!display_click - 2021-09-15 15:01:06,286 - browser_actions - [browser_actions.py-->line:261] - ERROR: 'NoneType' object has no attribute 'click'
!!--!!display_finds_element - 2021-09-15 15:01:07,295 - browser_actions - [browser_actions.py-->line:117] - ERROR: 元素不存在或者不可见：'Commonweb' object has no attribute 'driver'
!!--!!display_finds_element - 2021-09-15 15:01:07,295 - browser_actions - [browser_actions.py-->line:117] - ERROR: 元素不存在或者不可见：'Commonweb' object has no attribute 'driver'
!!--!!display_finds_element - 2021-09-15 15:01:07,295 - browser_actions - [browser_actions.py-->line:117] - ERROR: 元素不存在或者不可见：'Commonweb' object has no attribute 'driver'
!!--!!display_finds_element - 2021-09-15 15:01:07,295 - browser_actions - [browser_actions.py-->line:117] - ERROR: 元素不存在或者不可见：'Commonweb' object has no attribute 'driver'
!!--!!display_finds_element - 2021-09-15 15:01:07,295 - browser_actions - [browser_actions.py-->line:117] - ERROR: 元素不存在或者不可见：'Commonweb' object has no attribute 'driver'
!!--!!display_finds_element - 2021-09-15 15:01:07,295 - browser_actions - [browser_actions.py-->line:117] - ERROR: 元素不存在或者不可见：'Commonweb' object has no attribute 'driver'
!!--!!display_finds_element - 2021-09-15 15:01:07,295 - browser_actions - [browser_actions.py-->line:117] - ERROR: 元素不存在或者不可见：'Commonweb' object has no attribute 'driver'
!!--!!display_finds_element - 2021-09-15 15:01:07,295 - browser_actions - [browser_actions.py-->line:117] - ERROR: 元素不存在或者不可见：'Commonweb' object has no attribute 'driver'
!!--!!display_finds_element - 2021-09-15 15:01:07,295 - browser_actions - [browser_actions.py-->line:117] - ERROR: 元素不存在或者不可见：'Commonweb' object has no attribute 'driver'
!!--!!display_finds_element - 2021-09-15 15:01:07,295 - browser_actions - [browser_actions.py-->line:117] - ERROR: 元素不存在或者不可见：'Commonweb' object has no attribute 'driver'
!!--!!nosuch_elements - 2021-09-15 15:01:07,300 - browser_actions - [browser_actions.py-->line:144] - ERROR: object of type 'NoneType' has no len()
!!--!!nosuch_elements - 2021-09-15 15:01:07,300 - browser_actions - [browser_actions.py-->line:144] - ERROR: object of type 'NoneType' has no len()
!!--!!nosuch_elements - 2021-09-15 15:01:07,300 - browser_actions - [browser_actions.py-->line:144] - ERROR: object of type 'NoneType' has no len()
!!--!!nosuch_elements - 2021-09-15 15:01:07,300 - browser_actions - [browser_actions.py-->line:144] - ERROR: object of type 'NoneType' has no len()
!!--!!nosuch_elements - 2021-09-15 15:01:07,300 - browser_actions - [browser_actions.py-->line:144] - ERROR: object of type 'NoneType' has no len()
!!--!!nosuch_elements - 2021-09-15 15:01:07,300 - browser_actions - [browser_actions.py-->line:144] - ERROR: object of type 'NoneType' has no len()
!!--!!nosuch_elements - 2021-09-15 15:01:07,300 - browser_actions - [browser_actions.py-->line:144] - ERROR: object of type 'NoneType' has no len()
!!--!!nosuch_elements - 2021-09-15 15:01:07,300 - browser_actions - [browser_actions.py-->line:144] - ERROR: object of type 'NoneType' has no len()
!!--!!nosuch_elements - 2021-09-15 15:01:07,300 - browser_actions - [browser_actions.py-->line:144] - ERROR: object of type 'NoneType' has no len()
!!--!!nosuch_elements - 2021-09-15 15:01:07,300 - browser_actions - [browser_actions.py-->line:144] - ERROR: object of type 'NoneType' has no len()
!!--!!display_click - 2021-09-15 15:01:07,304 - browser_actions - [browser_actions.py-->line:261] - ERROR: 'NoneType' object has no attribute 'click'
!!--!!display_click - 2021-09-15 15:01:07,304 - browser_actions - [browser_actions.py-->line:261] - ERROR: 'NoneType' object has no attribute 'click'
!!--!!display_click - 2021-09-15 15:01:07,304 - browser_actions - [browser_actions.py-->line:261] - ERROR: 'NoneType' object has no attribute 'click'
!!--!!display_click - 2021-09-15 15:01:07,304 - browser_actions - [browser_actions.py-->line:261] - ERROR: 'NoneType' object has no attribute 'click'
!!--!!display_click - 2021-09-15 15:01:07,304 - browser_actions - [browser_actions.py-->line:261] - ERROR: 'NoneType' object has no attribute 'click'
!!--!!display_click - 2021-09-15 15:01:07,304 - browser_actions - [browser_actions.py-->line:261] - ERROR: 'NoneType' object has no attribute 'click'
!!--!!display_click - 2021-09-15 15:01:07,304 - browser_actions - [browser_actions.py-->line:261] - ERROR: 'NoneType' object has no attribute 'click'
!!--!!display_click - 2021-09-15 15:01:07,304 - browser_actions - [browser_actions.py-->line:261] - ERROR: 'NoneType' object has no attribute 'click'
!!--!!display_click - 2021-09-15 15:01:07,304 - browser_actions - [browser_actions.py-->line:261] - ERROR: 'NoneType' object has no attribute 'click'
!!--!!display_finds_element - 2021-09-15 15:01:07,820 - browser_actions - [browser_actions.py-->line:117] - ERROR: 元素不存在或者不可见：'Commonweb' object has no attribute 'driver'
!!--!!display_finds_element - 2021-09-15 15:01:07,820 - browser_actions - [browser_actions.py-->line:117] - ERROR: 元素不存在或者不可见：'Commonweb' object has no attribute 'driver'
!!--!!display_finds_element - 2021-09-15 15:01:07,820 - browser_actions - [browser_actions.py-->line:117] - ERROR: 元素不存在或者不可见：'Commonweb' object has no attribute 'driver'
!!--!!display_finds_element - 2021-09-15 15:01:07,820 - browser_actions - [browser_actions.py-->line:117] - ERROR: 元素不存在或者不可见：'Commonweb' object has no attribute 'driver'
!!--!!display_finds_element - 2021-09-15 15:01:07,820 - browser_actions - [browser_actions.py-->line:117] - ERROR: 元素不存在或者不可见：'Commonweb' object has no attribute 'driver'
!!--!!display_finds_element - 2021-09-15 15:01:07,820 - browser_actions - [browser_actions.py-->line:117] - ERROR: 元素不存在或者不可见：'Commonweb' object has no attribute 'driver'
!!--!!display_finds_element - 2021-09-15 15:01:07,820 - browser_actions - [browser_actions.py-->line:117] - ERROR: 元素不存在或者不可见：'Commonweb' object has no attribute 'driver'
!!--!!display_finds_element - 2021-09-15 15:01:07,820 - browser_actions - [browser_actions.py-->line:117] - ERROR: 元素不存在或者不可见：'Commonweb' object has no attribute 'driver'
!!--!!display_finds_element - 2021-09-15 15:01:07,820 - browser_actions - [browser_actions.py-->line:117] - ERROR: 元素不存在或者不可见：'Commonweb' object has no attribute 'driver'
!!--!!display_finds_element - 2021-09-15 15:01:07,820 - browser_actions - [browser_actions.py-->line:117] - ERROR: 元素不存在或者不可见：'Commonweb' object has no attribute 'driver'
!!--!!display_finds_element - 2021-09-15 15:01:07,820 - browser_actions - [browser_actions.py-->line:117] - ERROR: 元素不存在或者不可见：'Commonweb' object has no attribute 'driver'
!!--!!nosuch_elements - 2021-09-15 15:01:07,855 - browser_actions - [browser_actions.py-->line:144] - ERROR: object of type 'NoneType' has no len()
!!--!!nosuch_elements - 2021-09-15 15:01:07,855 - browser_actions - [browser_actions.py-->line:144] - ERROR: object of type 'NoneType' has no len()
!!--!!nosuch_elements - 2021-09-15 15:01:07,855 - browser_actions - [browser_actions.py-->line:144] - ERROR: object of type 'NoneType' has no len()
!!--!!nosuch_elements - 2021-09-15 15:01:07,855 - browser_actions - [browser_actions.py-->line:144] - ERROR: object of type 'NoneType' has no len()
!!--!!nosuch_elements - 2021-09-15 15:01:07,855 - browser_actions - [browser_actions.py-->line:144] - ERROR: object of type 'NoneType' has no len()
!!--!!nosuch_elements - 2021-09-15 15:01:07,855 - browser_actions - [browser_actions.py-->line:144] - ERROR: object of type 'NoneType' has no len()
!!--!!nosuch_elements - 2021-09-15 15:01:07,855 - browser_actions - [browser_actions.py-->line:144] - ERROR: object of type 'NoneType' has no len()
!!--!!nosuch_elements - 2021-09-15 15:01:07,855 - browser_actions - [browser_actions.py-->line:144] - ERROR: object of type 'NoneType' has no len()
!!--!!nosuch_elements - 2021-09-15 15:01:07,855 - browser_actions - [browser_actions.py-->line:144] - ERROR: object of type 'NoneType' has no len()
!!--!!nosuch_elements - 2021-09-15 15:01:07,855 - browser_actions - [browser_actions.py-->line:144] - ERROR: object of type 'NoneType' has no len()
!!--!!nosuch_elements - 2021-09-15 15:01:07,855 - browser_actions - [browser_actions.py-->line:144] - ERROR: object of type 'NoneType' has no len()
!!--!!display_click - 2021-09-15 15:01:07,863 - browser_actions - [browser_actions.py-->line:261] - ERROR: 'NoneType' object has no attribute 'click'
!!--!!display_click - 2021-09-15 15:01:07,863 - browser_actions - [browser_actions.py-->line:261] - ERROR: 'NoneType' object has no attribute 'click'
!!--!!display_click - 2021-09-15 15:01:07,863 - browser_actions - [browser_actions.py-->line:261] - ERROR: 'NoneType' object has no attribute 'click'
!!--!!display_click - 2021-09-15 15:01:07,863 - browser_actions - [browser_actions.py-->line:261] - ERROR: 'NoneType' object has no attribute 'click'
!!--!!display_click - 2021-09-15 15:01:07,863 - browser_actions - [browser_actions.py-->line:261] - ERROR: 'NoneType' object has no attribute 'click'
!!--!!display_click - 2021-09-15 15:01:07,863 - browser_actions - [browser_actions.py-->line:261] - ERROR: 'NoneType' object has no attribute 'click'
!!--!!display_click - 2021-09-15 15:01:07,863 - browser_actions - [browser_actions.py-->line:261] - ERROR: 'NoneType' object has no attribute 'click'
!!--!!display_click - 2021-09-15 15:01:07,863 - browser_actions - [browser_actions.py-->line:261] - ERROR: 'NoneType' object has no attribute 'click'
!!--!!display_click - 2021-09-15 15:01:07,863 - browser_actions - [browser_actions.py-->line:261] - ERROR: 'NoneType' object has no attribute 'click'
!!--!!display_click - 2021-09-15 15:01:07,863 - browser_actions - [browser_actions.py-->line:261] - ERROR: 'NoneType' object has no attribute 'click'
!!--!!display_finds_element - 2021-09-15 15:01:08,377 - browser_actions - [browser_actions.py-->line:117] - ERROR: 元素不存在或者不可见：'Commonweb' object has no attribute 'driver'
!!--!!display_finds_element - 2021-09-15 15:01:08,377 - browser_actions - [browser_actions.py-->line:117] - ERROR: 元素不存在或者不可见：'Commonweb' object has no attribute 'driver'
!!--!!display_finds_element - 2021-09-15 15:01:08,377 - browser_actions - [browser_actions.py-->line:117] - ERROR: 元素不存在或者不可见：'Commonweb' object has no attribute 'driver'
!!--!!display_finds_element - 2021-09-15 15:01:08,377 - browser_actions - [browser_actions.py-->line:117] - ERROR: 元素不存在或者不可见：'Commonweb' object has no attribute 'driver'
!!--!!display_finds_element - 2021-09-15 15:01:08,377 - browser_actions - [browser_actions.py-->line:117] - ERROR: 元素不存在或者不可见：'Commonweb' object has no attribute 'driver'
!!--!!display_finds_element - 2021-09-15 15:01:08,377 - browser_actions - [browser_actions.py-->line:117] - ERROR: 元素不存在或者不可见：'Commonweb' object has no attribute 'driver'
!!--!!display_finds_element - 2021-09-15 15:01:08,377 - browser_actions - [browser_actions.py-->line:117] - ERROR: 元素不存在或者不可见：'Commonweb' object has no attribute 'driver'
!!--!!display_finds_element - 2021-09-15 15:01:08,377 - browser_actions - [browser_actions.py-->line:117] - ERROR: 元素不存在或者不可见：'Commonweb' object has no attribute 'driver'
!!--!!display_finds_element - 2021-09-15 15:01:08,377 - browser_actions - [browser_actions.py-->line:117] - ERROR: 元素不存在或者不可见：'Commonweb' object has no attribute 'driver'
!!--!!display_finds_element - 2021-09-15 15:01:08,377 - browser_actions - [browser_actions.py-->line:117] - ERROR: 元素不存在或者不可见：'Commonweb' object has no attribute 'driver'
!!--!!display_finds_element - 2021-09-15 15:01:08,377 - browser_actions - [browser_actions.py-->line:117] - ERROR: 元素不存在或者不可见：'Commonweb' object has no attribute 'driver'
!!--!!display_finds_element - 2021-09-15 15:01:08,377 - browser_actions - [browser_actions.py-->line:117] - ERROR: 元素不存在或者不可见：'Commonweb' object has no attribute 'driver'
!!--!!nosuch_elements - 2021-09-15 15:01:08,383 - browser_actions - [browser_actions.py-->line:144] - ERROR: object of type 'NoneType' has no len()
!!--!!nosuch_elements - 2021-09-15 15:01:08,383 - browser_actions - [browser_actions.py-->line:144] - ERROR: object of type 'NoneType' has no len()
!!--!!nosuch_elements - 2021-09-15 15:01:08,383 - browser_actions - [browser_actions.py-->line:144] - ERROR: object of type 'NoneType' has no len()
!!--!!nosuch_elements - 2021-09-15 15:01:08,383 - browser_actions - [browser_actions.py-->line:144] - ERROR: object of type 'NoneType' has no len()
!!--!!nosuch_elements - 2021-09-15 15:01:08,383 - browser_actions - [browser_actions.py-->line:144] - ERROR: object of type 'NoneType' has no len()
!!--!!nosuch_elements - 2021-09-15 15:01:08,383 - browser_actions - [browser_actions.py-->line:144] - ERROR: object of type 'NoneType' has no len()
!!--!!nosuch_elements - 2021-09-15 15:01:08,383 - browser_actions - [browser_actions.py-->line:144] - ERROR: object of type 'NoneType' has no len()
!!--!!nosuch_elements - 2021-09-15 15:01:08,383 - browser_actions - [browser_actions.py-->line:144] - ERROR: object of type 'NoneType' has no len()
!!--!!nosuch_elements - 2021-09-15 15:01:08,383 - browser_actions - [browser_actions.py-->line:144] - ERROR: object of type 'NoneType' has no len()
!!--!!nosuch_elements - 2021-09-15 15:01:08,383 - browser_actions - [browser_actions.py-->line:144] - ERROR: object of type 'NoneType' has no len()
!!--!!nosuch_elements - 2021-09-15 15:01:08,383 - browser_actions - [browser_actions.py-->line:144] - ERROR: object of type 'NoneType' has no len()
!!--!!nosuch_elements - 2021-09-15 15:01:08,383 - browser_actions - [browser_actions.py-->line:144] - ERROR: object of type 'NoneType' has no len()
!!--!!display_click - 2021-09-15 15:01:08,388 - browser_actions - [browser_actions.py-->line:261] - ERROR: 'NoneType' object has no attribute 'click'
!!--!!display_click - 2021-09-15 15:01:08,388 - browser_actions - [browser_actions.py-->line:261] - ERROR: 'NoneType' object has no attribute 'click'
!!--!!display_click - 2021-09-15 15:01:08,388 - browser_actions - [browser_actions.py-->line:261] - ERROR: 'NoneType' object has no attribute 'click'
!!--!!display_click - 2021-09-15 15:01:08,388 - browser_actions - [browser_actions.py-->line:261] - ERROR: 'NoneType' object has no attribute 'click'
!!--!!display_click - 2021-09-15 15:01:08,388 - browser_actions - [browser_actions.py-->line:261] - ERROR: 'NoneType' object has no attribute 'click'
!!--!!display_click - 2021-09-15 15:01:08,388 - browser_actions - [browser_actions.py-->line:261] - ERROR: 'NoneType' object has no attribute 'click'
!!--!!display_click - 2021-09-15 15:01:08,388 - browser_actions - [browser_actions.py-->line:261] - ERROR: 'NoneType' object has no attribute 'click'
!!--!!display_click - 2021-09-15 15:01:08,388 - browser_actions - [browser_actions.py-->line:261] - ERROR: 'NoneType' object has no attribute 'click'
!!--!!display_click - 2021-09-15 15:01:08,388 - browser_actions - [browser_actions.py-->line:261] - ERROR: 'NoneType' object has no attribute 'click'
!!--!!display_click - 2021-09-15 15:01:08,388 - browser_actions - [browser_actions.py-->line:261] - ERROR: 'NoneType' object has no attribute 'click'
!!--!!display_click - 2021-09-15 15:01:08,388 - browser_actions - [browser_actions.py-->line:261] - ERROR: 'NoneType' object has no attribute 'click'
!!--!!display_finds_element - 2021-09-15 15:01:08,902 - browser_actions - [browser_actions.py-->line:117] - ERROR: 元素不存在或者不可见：'Commonweb' object has no attribute 'driver'
!!--!!display_finds_element - 2021-09-15 15:01:08,902 - browser_actions - [browser_actions.py-->line:117] - ERROR: 元素不存在或者不可见：'Commonweb' object has no attribute 'driver'
!!--!!display_finds_element - 2021-09-15 15:01:08,902 - browser_actions - [browser_actions.py-->line:117] - ERROR: 元素不存在或者不可见：'Commonweb' object has no attribute 'driver'
!!--!!display_finds_element - 2021-09-15 15:01:08,902 - browser_actions - [browser_actions.py-->line:117] - ERROR: 元素不存在或者不可见：'Commonweb' object has no attribute 'driver'
!!--!!display_finds_element - 2021-09-15 15:01:08,902 - browser_actions - [browser_actions.py-->line:117] - ERROR: 元素不存在或者不可见：'Commonweb' object has no attribute 'driver'
!!--!!display_finds_element - 2021-09-15 15:01:08,902 - browser_actions - [browser_actions.py-->line:117] - ERROR: 元素不存在或者不可见：'Commonweb' object has no attribute 'driver'
!!--!!display_finds_element - 2021-09-15 15:01:08,902 - browser_actions - [browser_actions.py-->line:117] - ERROR: 元素不存在或者不可见：'Commonweb' object has no attribute 'driver'
!!--!!display_finds_element - 2021-09-15 15:01:08,902 - browser_actions - [browser_actions.py-->line:117] - ERROR: 元素不存在或者不可见：'Commonweb' object has no attribute 'driver'
!!--!!display_finds_element - 2021-09-15 15:01:08,902 - browser_actions - [browser_actions.py-->line:117] - ERROR: 元素不存在或者不可见：'Commonweb' object has no attribute 'driver'
!!--!!display_finds_element - 2021-09-15 15:01:08,902 - browser_actions - [browser_actions.py-->line:117] - ERROR: 元素不存在或者不可见：'Commonweb' object has no attribute 'driver'
!!--!!display_finds_element - 2021-09-15 15:01:08,902 - browser_actions - [browser_actions.py-->line:117] - ERROR: 元素不存在或者不可见：'Commonweb' object has no attribute 'driver'
!!--!!display_finds_element - 2021-09-15 15:01:08,902 - browser_actions - [browser_actions.py-->line:117] - ERROR: 元素不存在或者不可见：'Commonweb' object has no attribute 'driver'
!!--!!display_finds_element - 2021-09-15 15:01:08,902 - browser_actions - [browser_actions.py-->line:117] - ERROR: 元素不存在或者不可见：'Commonweb' object has no attribute 'driver'
!!--!!nosuch_elements - 2021-09-15 15:01:08,908 - browser_actions - [browser_actions.py-->line:144] - ERROR: object of type 'NoneType' has no len()
!!--!!nosuch_elements - 2021-09-15 15:01:08,908 - browser_actions - [browser_actions.py-->line:144] - ERROR: object of type 'NoneType' has no len()
!!--!!nosuch_elements - 2021-09-15 15:01:08,908 - browser_actions - [browser_actions.py-->line:144] - ERROR: object of type 'NoneType' has no len()
!!--!!nosuch_elements - 2021-09-15 15:01:08,908 - browser_actions - [browser_actions.py-->line:144] - ERROR: object of type 'NoneType' has no len()
!!--!!nosuch_elements - 2021-09-15 15:01:08,908 - browser_actions - [browser_actions.py-->line:144] - ERROR: object of type 'NoneType' has no len()
!!--!!nosuch_elements - 2021-09-15 15:01:08,908 - browser_actions - [browser_actions.py-->line:144] - ERROR: object of type 'NoneType' has no len()
!!--!!nosuch_elements - 2021-09-15 15:01:08,908 - browser_actions - [browser_actions.py-->line:144] - ERROR: object of type 'NoneType' has no len()
!!--!!nosuch_elements - 2021-09-15 15:01:08,908 - browser_actions - [browser_actions.py-->line:144] - ERROR: object of type 'NoneType' has no len()
!!--!!nosuch_elements - 2021-09-15 15:01:08,908 - browser_actions - [browser_actions.py-->line:144] - ERROR: object of type 'NoneType' has no len()
!!--!!nosuch_elements - 2021-09-15 15:01:08,908 - browser_actions - [browser_actions.py-->line:144] - ERROR: object of type 'NoneType' has no len()
!!--!!nosuch_elements - 2021-09-15 15:01:08,908 - browser_actions - [browser_actions.py-->line:144] - ERROR: object of type 'NoneType' has no len()
!!--!!nosuch_elements - 2021-09-15 15:01:08,908 - browser_actions - [browser_actions.py-->line:144] - ERROR: object of type 'NoneType' has no len()
!!--!!nosuch_elements - 2021-09-15 15:01:08,908 - browser_actions - [browser_actions.py-->line:144] - ERROR: object of type 'NoneType' has no len()
!!--!!display_click - 2021-09-15 15:01:08,914 - browser_actions - [browser_actions.py-->line:261] - ERROR: 'NoneType' object has no attribute 'click'
!!--!!display_click - 2021-09-15 15:01:08,914 - browser_actions - [browser_actions.py-->line:261] - ERROR: 'NoneType' object has no attribute 'click'
!!--!!display_click - 2021-09-15 15:01:08,914 - browser_actions - [browser_actions.py-->line:261] - ERROR: 'NoneType' object has no attribute 'click'
!!--!!display_click - 2021-09-15 15:01:08,914 - browser_actions - [browser_actions.py-->line:261] - ERROR: 'NoneType' object has no attribute 'click'
!!--!!display_click - 2021-09-15 15:01:08,914 - browser_actions - [browser_actions.py-->line:261] - ERROR: 'NoneType' object has no attribute 'click'
!!--!!display_click - 2021-09-15 15:01:08,914 - browser_actions - [browser_actions.py-->line:261] - ERROR: 'NoneType' object has no attribute 'click'
!!--!!display_click - 2021-09-15 15:01:08,914 - browser_actions - [browser_actions.py-->line:261] - ERROR: 'NoneType' object has no attribute 'click'
!!--!!display_click - 2021-09-15 15:01:08,914 - browser_actions - [browser_actions.py-->line:261] - ERROR: 'NoneType' object has no attribute 'click'
!!--!!display_click - 2021-09-15 15:01:08,914 - browser_actions - [browser_actions.py-->line:261] - ERROR: 'NoneType' object has no attribute 'click'
!!--!!display_click - 2021-09-15 15:01:08,914 - browser_actions - [browser_actions.py-->line:261] - ERROR: 'NoneType' object has no attribute 'click'
!!--!!display_click - 2021-09-15 15:01:08,914 - browser_actions - [browser_actions.py-->line:261] - ERROR: 'NoneType' object has no attribute 'click'
!!--!!display_click - 2021-09-15 15:01:08,914 - browser_actions - [browser_actions.py-->line:261] - ERROR: 'NoneType' object has no attribute 'click'
!!--!!display_finds_element - 2021-09-15 15:01:09,435 - browser_actions - [browser_actions.py-->line:117] - ERROR: 元素不存在或者不可见：'Commonweb' object has no attribute 'driver'
!!--!!display_finds_element - 2021-09-15 15:01:09,435 - browser_actions - [browser_actions.py-->line:117] - ERROR: 元素不存在或者不可见：'Commonweb' object has no attribute 'driver'
!!--!!display_finds_element - 2021-09-15 15:01:09,435 - browser_actions - [browser_actions.py-->line:117] - ERROR: 元素不存在或者不可见：'Commonweb' object has no attribute 'driver'
!!--!!display_finds_element - 2021-09-15 15:01:09,435 - browser_actions - [browser_actions.py-->line:117] - ERROR: 元素不存在或者不可见：'Commonweb' object has no attribute 'driver'
!!--!!display_finds_element - 2021-09-15 15:01:09,435 - browser_actions - [browser_actions.py-->line:117] - ERROR: 元素不存在或者不可见：'Commonweb' object has no attribute 'driver'
!!--!!display_finds_element - 2021-09-15 15:01:09,435 - browser_actions - [browser_actions.py-->line:117] - ERROR: 元素不存在或者不可见：'Commonweb' object has no attribute 'driver'
!!--!!display_finds_element - 2021-09-15 15:01:09,435 - browser_actions - [browser_actions.py-->line:117] - ERROR: 元素不存在或者不可见：'Commonweb' object has no attribute 'driver'
!!--!!display_finds_element - 2021-09-15 15:01:09,435 - browser_actions - [browser_actions.py-->line:117] - ERROR: 元素不存在或者不可见：'Commonweb' object has no attribute 'driver'
!!--!!display_finds_element - 2021-09-15 15:01:09,435 - browser_actions - [browser_actions.py-->line:117] - ERROR: 元素不存在或者不可见：'Commonweb' object has no attribute 'driver'
!!--!!display_finds_element - 2021-09-15 15:01:09,435 - browser_actions - [browser_actions.py-->line:117] - ERROR: 元素不存在或者不可见：'Commonweb' object has no attribute 'driver'
!!--!!display_finds_element - 2021-09-15 15:01:09,435 - browser_actions - [browser_actions.py-->line:117] - ERROR: 元素不存在或者不可见：'Commonweb' object has no attribute 'driver'
!!--!!display_finds_element - 2021-09-15 15:01:09,435 - browser_actions - [browser_actions.py-->line:117] - ERROR: 元素不存在或者不可见：'Commonweb' object has no attribute 'driver'
!!--!!display_finds_element - 2021-09-15 15:01:09,435 - browser_actions - [browser_actions.py-->line:117] - ERROR: 元素不存在或者不可见：'Commonweb' object has no attribute 'driver'
!!--!!display_finds_element - 2021-09-15 15:01:09,435 - browser_actions - [browser_actions.py-->line:117] - ERROR: 元素不存在或者不可见：'Commonweb' object has no attribute 'driver'
!!--!!nosuch_elements - 2021-09-15 15:01:09,440 - browser_actions - [browser_actions.py-->line:144] - ERROR: object of type 'NoneType' has no len()
!!--!!nosuch_elements - 2021-09-15 15:01:09,440 - browser_actions - [browser_actions.py-->line:144] - ERROR: object of type 'NoneType' has no len()
!!--!!nosuch_elements - 2021-09-15 15:01:09,440 - browser_actions - [browser_actions.py-->line:144] - ERROR: object of type 'NoneType' has no len()
!!--!!nosuch_elements - 2021-09-15 15:01:09,440 - browser_actions - [browser_actions.py-->line:144] - ERROR: object of type 'NoneType' has no len()
!!--!!nosuch_elements - 2021-09-15 15:01:09,440 - browser_actions - [browser_actions.py-->line:144] - ERROR: object of type 'NoneType' has no len()
!!--!!nosuch_elements - 2021-09-15 15:01:09,440 - browser_actions - [browser_actions.py-->line:144] - ERROR: object of type 'NoneType' has no len()
!!--!!nosuch_elements - 2021-09-15 15:01:09,440 - browser_actions - [browser_actions.py-->line:144] - ERROR: object of type 'NoneType' has no len()
!!--!!nosuch_elements - 2021-09-15 15:01:09,440 - browser_actions - [browser_actions.py-->line:144] - ERROR: object of type 'NoneType' has no len()
!!--!!nosuch_elements - 2021-09-15 15:01:09,440 - browser_actions - [browser_actions.py-->line:144] - ERROR: object of type 'NoneType' has no len()
!!--!!nosuch_elements - 2021-09-15 15:01:09,440 - browser_actions - [browser_actions.py-->line:144] - ERROR: object of type 'NoneType' has no len()
!!--!!nosuch_elements - 2021-09-15 15:01:09,440 - browser_actions - [browser_actions.py-->line:144] - ERROR: object of type 'NoneType' has no len()
!!--!!nosuch_elements - 2021-09-15 15:01:09,440 - browser_actions - [browser_actions.py-->line:144] - ERROR: object of type 'NoneType' has no len()
!!--!!nosuch_elements - 2021-09-15 15:01:09,440 - browser_actions - [browser_actions.py-->line:144] - ERROR: object of type 'NoneType' has no len()
!!--!!nosuch_elements - 2021-09-15 15:01:09,440 - browser_actions - [browser_actions.py-->line:144] - ERROR: object of type 'NoneType' has no len()
!!--!!display_click - 2021-09-15 15:01:09,445 - browser_actions - [browser_actions.py-->line:261] - ERROR: 'NoneType' object has no attribute 'click'
!!--!!display_click - 2021-09-15 15:01:09,445 - browser_actions - [browser_actions.py-->line:261] - ERROR: 'NoneType' object has no attribute 'click'
!!--!!display_click - 2021-09-15 15:01:09,445 - browser_actions - [browser_actions.py-->line:261] - ERROR: 'NoneType' object has no attribute 'click'
!!--!!display_click - 2021-09-15 15:01:09,445 - browser_actions - [browser_actions.py-->line:261] - ERROR: 'NoneType' object has no attribute 'click'
!!--!!display_click - 2021-09-15 15:01:09,445 - browser_actions - [browser_actions.py-->line:261] - ERROR: 'NoneType' object has no attribute 'click'
!!--!!display_click - 2021-09-15 15:01:09,445 - browser_actions - [browser_actions.py-->line:261] - ERROR: 'NoneType' object has no attribute 'click'
!!--!!display_click - 2021-09-15 15:01:09,445 - browser_actions - [browser_actions.py-->line:261] - ERROR: 'NoneType' object has no attribute 'click'
!!--!!display_click - 2021-09-15 15:01:09,445 - browser_actions - [browser_actions.py-->line:261] - ERROR: 'NoneType' object has no attribute 'click'
!!--!!display_click - 2021-09-15 15:01:09,445 - browser_actions - [browser_actions.py-->line:261] - ERROR: 'NoneType' object has no attribute 'click'
!!--!!display_click - 2021-09-15 15:01:09,445 - browser_actions - [browser_actions.py-->line:261] - ERROR: 'NoneType' object has no attribute 'click'
!!--!!display_click - 2021-09-15 15:01:09,445 - browser_actions - [browser_actions.py-->line:261] - ERROR: 'NoneType' object has no attribute 'click'
!!--!!display_click - 2021-09-15 15:01:09,445 - browser_actions - [browser_actions.py-->line:261] - ERROR: 'NoneType' object has no attribute 'click'
!!--!!display_click - 2021-09-15 15:01:09,445 - browser_actions - [browser_actions.py-->line:261] - ERROR: 'NoneType' object has no attribute 'click'
!!--!!display_finds_element - 2021-09-15 15:01:09,963 - browser_actions - [browser_actions.py-->line:117] - ERROR: 元素不存在或者不可见：'Commonweb' object has no attribute 'driver'
!!--!!display_finds_element - 2021-09-15 15:01:09,963 - browser_actions - [browser_actions.py-->line:117] - ERROR: 元素不存在或者不可见：'Commonweb' object has no attribute 'driver'
!!--!!display_finds_element - 2021-09-15 15:01:09,963 - browser_actions - [browser_actions.py-->line:117] - ERROR: 元素不存在或者不可见：'Commonweb' object has no attribute 'driver'
!!--!!display_finds_element - 2021-09-15 15:01:09,963 - browser_actions - [browser_actions.py-->line:117] - ERROR: 元素不存在或者不可见：'Commonweb' object has no attribute 'driver'
!!--!!display_finds_element - 2021-09-15 15:01:09,963 - browser_actions - [browser_actions.py-->line:117] - ERROR: 元素不存在或者不可见：'Commonweb' object has no attribute 'driver'
!!--!!display_finds_element - 2021-09-15 15:01:09,963 - browser_actions - [browser_actions.py-->line:117] - ERROR: 元素不存在或者不可见：'Commonweb' object has no attribute 'driver'
!!--!!display_finds_element - 2021-09-15 15:01:09,963 - browser_actions - [browser_actions.py-->line:117] - ERROR: 元素不存在或者不可见：'Commonweb' object has no attribute 'driver'
!!--!!display_finds_element - 2021-09-15 15:01:09,963 - browser_actions - [browser_actions.py-->line:117] - ERROR: 元素不存在或者不可见：'Commonweb' object has no attribute 'driver'
!!--!!display_finds_element - 2021-09-15 15:01:09,963 - browser_actions - [browser_actions.py-->line:117] - ERROR: 元素不存在或者不可见：'Commonweb' object has no attribute 'driver'
!!--!!display_finds_element - 2021-09-15 15:01:09,963 - browser_actions - [browser_actions.py-->line:117] - ERROR: 元素不存在或者不可见：'Commonweb' object has no attribute 'driver'
!!--!!display_finds_element - 2021-09-15 15:01:09,963 - browser_actions - [browser_actions.py-->line:117] - ERROR: 元素不存在或者不可见：'Commonweb' object has no attribute 'driver'
!!--!!display_finds_element - 2021-09-15 15:01:09,963 - browser_actions - [browser_actions.py-->line:117] - ERROR: 元素不存在或者不可见：'Commonweb' object has no attribute 'driver'
!!--!!display_finds_element - 2021-09-15 15:01:09,963 - browser_actions - [browser_actions.py-->line:117] - ERROR: 元素不存在或者不可见：'Commonweb' object has no attribute 'driver'
!!--!!display_finds_element - 2021-09-15 15:01:09,963 - browser_actions - [browser_actions.py-->line:117] - ERROR: 元素不存在或者不可见：'Commonweb' object has no attribute 'driver'
!!--!!display_finds_element - 2021-09-15 15:01:09,963 - browser_actions - [browser_actions.py-->line:117] - ERROR: 元素不存在或者不可见：'Commonweb' object has no attribute 'driver'
!!--!!nosuch_elements - 2021-09-15 15:01:09,969 - browser_actions - [browser_actions.py-->line:144] - ERROR: object of type 'NoneType' has no len()
!!--!!nosuch_elements - 2021-09-15 15:01:09,969 - browser_actions - [browser_actions.py-->line:144] - ERROR: object of type 'NoneType' has no len()
!!--!!nosuch_elements - 2021-09-15 15:01:09,969 - browser_actions - [browser_actions.py-->line:144] - ERROR: object of type 'NoneType' has no len()
!!--!!nosuch_elements - 2021-09-15 15:01:09,969 - browser_actions - [browser_actions.py-->line:144] - ERROR: object of type 'NoneType' has no len()
!!--!!nosuch_elements - 2021-09-15 15:01:09,969 - browser_actions - [browser_actions.py-->line:144] - ERROR: object of type 'NoneType' has no len()
!!--!!nosuch_elements - 2021-09-15 15:01:09,969 - browser_actions - [browser_actions.py-->line:144] - ERROR: object of type 'NoneType' has no len()
!!--!!nosuch_elements - 2021-09-15 15:01:09,969 - browser_actions - [browser_actions.py-->line:144] - ERROR: object of type 'NoneType' has no len()
!!--!!nosuch_elements - 2021-09-15 15:01:09,969 - browser_actions - [browser_actions.py-->line:144] - ERROR: object of type 'NoneType' has no len()
!!--!!nosuch_elements - 2021-09-15 15:01:09,969 - browser_actions - [browser_actions.py-->line:144] - ERROR: object of type 'NoneType' has no len()
!!--!!nosuch_elements - 2021-09-15 15:01:09,969 - browser_actions - [browser_actions.py-->line:144] - ERROR: object of type 'NoneType' has no len()
!!--!!nosuch_elements - 2021-09-15 15:01:09,969 - browser_actions - [browser_actions.py-->line:144] - ERROR: object of type 'NoneType' has no len()
!!--!!nosuch_elements - 2021-09-15 15:01:09,969 - browser_actions - [browser_actions.py-->line:144] - ERROR: object of type 'NoneType' has no len()
!!--!!nosuch_elements - 2021-09-15 15:01:09,969 - browser_actions - [browser_actions.py-->line:144] - ERROR: object of type 'NoneType' has no len()
!!--!!nosuch_elements - 2021-09-15 15:01:09,969 - browser_actions - [browser_actions.py-->line:144] - ERROR: object of type 'NoneType' has no len()
!!--!!nosuch_elements - 2021-09-15 15:01:09,969 - browser_actions - [browser_actions.py-->line:144] - ERROR: object of type 'NoneType' has no len()
!!--!!display_click - 2021-09-15 15:01:09,975 - browser_actions - [browser_actions.py-->line:261] - ERROR: 'NoneType' object has no attribute 'click'
!!--!!display_click - 2021-09-15 15:01:09,975 - browser_actions - [browser_actions.py-->line:261] - ERROR: 'NoneType' object has no attribute 'click'
!!--!!display_click - 2021-09-15 15:01:09,975 - browser_actions - [browser_actions.py-->line:261] - ERROR: 'NoneType' object has no attribute 'click'
!!--!!display_click - 2021-09-15 15:01:09,975 - browser_actions - [browser_actions.py-->line:261] - ERROR: 'NoneType' object has no attribute 'click'
!!--!!display_click - 2021-09-15 15:01:09,975 - browser_actions - [browser_actions.py-->line:261] - ERROR: 'NoneType' object has no attribute 'click'
!!--!!display_click - 2021-09-15 15:01:09,975 - browser_actions - [browser_actions.py-->line:261] - ERROR: 'NoneType' object has no attribute 'click'
!!--!!display_click - 2021-09-15 15:01:09,975 - browser_actions - [browser_actions.py-->line:261] - ERROR: 'NoneType' object has no attribute 'click'
!!--!!display_click - 2021-09-15 15:01:09,975 - browser_actions - [browser_actions.py-->line:261] - ERROR: 'NoneType' object has no attribute 'click'
!!--!!display_click - 2021-09-15 15:01:09,975 - browser_actions - [browser_actions.py-->line:261] - ERROR: 'NoneType' object has no attribute 'click'
!!--!!display_click - 2021-09-15 15:01:09,975 - browser_actions - [browser_actions.py-->line:261] - ERROR: 'NoneType' object has no attribute 'click'
!!--!!display_click - 2021-09-15 15:01:09,975 - browser_actions - [browser_actions.py-->line:261] - ERROR: 'NoneType' object has no attribute 'click'
!!--!!display_click - 2021-09-15 15:01:09,975 - browser_actions - [browser_actions.py-->line:261] - ERROR: 'NoneType' object has no attribute 'click'
!!--!!display_click - 2021-09-15 15:01:09,975 - browser_actions - [browser_actions.py-->line:261] - ERROR: 'NoneType' object has no attribute 'click'
!!--!!display_click - 2021-09-15 15:01:09,975 - browser_actions - [browser_actions.py-->line:261] - ERROR: 'NoneType' object has no attribute 'click'
!!--!!find_elements - 2021-09-15 15:01:10,981 - browser_actions - [browser_actions.py-->line:84] - ERROR: 元素不存在或者不可见：'Commonweb' object has no attribute 'driver'
!!--!!find_element - 2021-09-15 15:01:10,983 - browser_actions - [browser_actions.py-->line:131] - ERROR: object of type 'NoneType' has no len()
!!--!!get_text_error - 2021-09-15 15:01:10,984 - browser_actions - [browser_actions.py-->line:238] - ERROR: 'NoneType' object has no attribute 'text'
!!--!!display_finds_element - 2021-09-15 16:41:26,039 - browser_actions - [browser_actions.py-->line:117] - ERROR: 元素不存在或者不可见：Message: 

!!--!!nosuch_elements - 2021-09-15 16:41:26,074 - browser_actions - [browser_actions.py-->line:144] - ERROR: object of type 'NoneType' has no len()
!!--!!display_click - 2021-09-15 16:41:26,077 - browser_actions - [browser_actions.py-->line:261] - ERROR: 'NoneType' object has no attribute 'click'
!!--!!display_finds_element - 2021-09-15 16:54:00,394 - browser_actions - [browser_actions.py-->line:117] - ERROR: 元素不存在或者不可见：Message: 

!!--!!nosuch_elements - 2021-09-15 16:54:00,397 - browser_actions - [browser_actions.py-->line:144] - ERROR: object of type 'NoneType' has no len()
!!--!!display_click - 2021-09-15 16:54:00,398 - browser_actions - [browser_actions.py-->line:261] - ERROR: 'NoneType' object has no attribute 'click'
!!--!!display_finds_element - 2021-09-15 16:58:34,048 - browser_actions - [browser_actions.py-->line:117] - ERROR: 元素不存在或者不可见：Message: 

!!--!!nosuch_elements - 2021-09-15 16:58:34,053 - browser_actions - [browser_actions.py-->line:144] - ERROR: object of type 'NoneType' has no len()
!!--!!display_click - 2021-09-15 16:58:34,118 - browser_actions - [browser_actions.py-->line:261] - ERROR: 'NoneType' object has no attribute 'click'
!!--!!display_click - 2021-09-15 17:06:12,312 - browser_actions - [browser_actions.py-->line:261] - ERROR: Message: element click intercepted: Element <input type="text" readonly="readonly" autocomplete="off" placeholder="选择取款方式" id="typeSelection" class="el-input__inner"> is not clickable at point (674, 280). Other element would receive the click: <div data-v-aab682ee="" class="content">...</div>
  (Session info: chrome=93.0.4577.63)

!!--!!display_click - 2021-09-15 17:06:17,897 - browser_actions - [browser_actions.py-->line:261] - ERROR: Message: element not interactable
  (Session info: chrome=93.0.4577.63)

!!--!!display_click - 2021-09-15 17:06:17,897 - browser_actions - [browser_actions.py-->line:261] - ERROR: Message: element not interactable
  (Session info: chrome=93.0.4577.63)

