!!--!!remove_register_topup - 2021-10-18 15:17:25,459 - common_method - [common_method.py-->line:43] - ERROR: Message: element not interactable
  (Session info: chrome=94.0.4606.81)

!!--!!remove_register_topup - 2021-10-18 15:24:32,329 - common_method - [common_method.py-->line:43] - ERROR: Message: element not interactable
  (Session info: chrome=94.0.4606.81)

!!--!!remove_register_topup - 2021-10-18 15:25:01,803 - common_method - [common_method.py-->line:43] - ERROR: Message: element not interactable
  (Session info: chrome=94.0.4606.81)

!!--!!remove_register_topup - 2021-10-18 15:25:01,803 - common_method - [common_method.py-->line:43] - ERROR: Message: element not interactable
  (Session info: chrome=94.0.4606.81)

!!--!!remove_register_topup - 2021-10-18 15:25:29,381 - common_method - [common_method.py-->line:43] - ERROR: Message: element not interactable
  (Session info: chrome=94.0.4606.81)

!!--!!remove_register_topup - 2021-10-18 15:25:29,381 - common_method - [common_method.py-->line:43] - ERROR: Message: element not interactable
  (Session info: chrome=94.0.4606.81)

!!--!!remove_register_topup - 2021-10-18 15:25:29,381 - common_method - [common_method.py-->line:43] - ERROR: Message: element not interactable
  (Session info: chrome=94.0.4606.81)

!!--!!remove_register_topup - 2021-10-18 15:25:57,563 - common_method - [common_method.py-->line:43] - ERROR: Message: element not interactable
  (Session info: chrome=94.0.4606.81)

!!--!!remove_register_topup - 2021-10-18 15:25:57,563 - common_method - [common_method.py-->line:43] - ERROR: Message: element not interactable
  (Session info: chrome=94.0.4606.81)

!!--!!remove_register_topup - 2021-10-18 15:25:57,563 - common_method - [common_method.py-->line:43] - ERROR: Message: element not interactable
  (Session info: chrome=94.0.4606.81)

!!--!!remove_register_topup - 2021-10-18 15:25:57,563 - common_method - [common_method.py-->line:43] - ERROR: Message: element not interactable
  (Session info: chrome=94.0.4606.81)

!!--!!remove_register_topup - 2021-10-18 15:26:25,078 - common_method - [common_method.py-->line:43] - ERROR: Message: element not interactable
  (Session info: chrome=94.0.4606.81)

!!--!!remove_register_topup - 2021-10-18 15:26:25,078 - common_method - [common_method.py-->line:43] - ERROR: Message: element not interactable
  (Session info: chrome=94.0.4606.81)

!!--!!remove_register_topup - 2021-10-18 15:26:25,078 - common_method - [common_method.py-->line:43] - ERROR: Message: element not interactable
  (Session info: chrome=94.0.4606.81)

!!--!!remove_register_topup - 2021-10-18 15:26:25,078 - common_method - [common_method.py-->line:43] - ERROR: Message: element not interactable
  (Session info: chrome=94.0.4606.81)

!!--!!remove_register_topup - 2021-10-18 15:26:25,078 - common_method - [common_method.py-->line:43] - ERROR: Message: element not interactable
  (Session info: chrome=94.0.4606.81)

!!--!!remove_register_topup - 2021-10-18 15:26:52,253 - common_method - [common_method.py-->line:43] - ERROR: Message: element not interactable
  (Session info: chrome=94.0.4606.81)

!!--!!remove_register_topup - 2021-10-18 15:26:52,253 - common_method - [common_method.py-->line:43] - ERROR: Message: element not interactable
  (Session info: chrome=94.0.4606.81)

!!--!!remove_register_topup - 2021-10-18 15:26:52,253 - common_method - [common_method.py-->line:43] - ERROR: Message: element not interactable
  (Session info: chrome=94.0.4606.81)

!!--!!remove_register_topup - 2021-10-18 15:26:52,253 - common_method - [common_method.py-->line:43] - ERROR: Message: element not interactable
  (Session info: chrome=94.0.4606.81)

!!--!!remove_register_topup - 2021-10-18 15:26:52,253 - common_method - [common_method.py-->line:43] - ERROR: Message: element not interactable
  (Session info: chrome=94.0.4606.81)

!!--!!remove_register_topup - 2021-10-18 15:26:52,253 - common_method - [common_method.py-->line:43] - ERROR: Message: element not interactable
  (Session info: chrome=94.0.4606.81)

!!--!!remove_register_topup - 2021-10-18 15:27:19,079 - common_method - [common_method.py-->line:43] - ERROR: Message: element not interactable
  (Session info: chrome=94.0.4606.81)

!!--!!remove_register_topup - 2021-10-18 15:27:19,079 - common_method - [common_method.py-->line:43] - ERROR: Message: element not interactable
  (Session info: chrome=94.0.4606.81)

!!--!!remove_register_topup - 2021-10-18 15:27:19,079 - common_method - [common_method.py-->line:43] - ERROR: Message: element not interactable
  (Session info: chrome=94.0.4606.81)

!!--!!remove_register_topup - 2021-10-18 15:27:19,079 - common_method - [common_method.py-->line:43] - ERROR: Message: element not interactable
  (Session info: chrome=94.0.4606.81)

!!--!!remove_register_topup - 2021-10-18 15:27:19,079 - common_method - [common_method.py-->line:43] - ERROR: Message: element not interactable
  (Session info: chrome=94.0.4606.81)

!!--!!remove_register_topup - 2021-10-18 15:27:19,079 - common_method - [common_method.py-->line:43] - ERROR: Message: element not interactable
  (Session info: chrome=94.0.4606.81)

!!--!!remove_register_topup - 2021-10-18 15:27:19,079 - common_method - [common_method.py-->line:43] - ERROR: Message: element not interactable
  (Session info: chrome=94.0.4606.81)

!!--!!remove_register_topup - 2021-10-18 15:27:49,615 - common_method - [common_method.py-->line:43] - ERROR: Message: element not interactable
  (Session info: chrome=94.0.4606.81)

!!--!!remove_register_topup - 2021-10-18 15:27:49,615 - common_method - [common_method.py-->line:43] - ERROR: Message: element not interactable
  (Session info: chrome=94.0.4606.81)

!!--!!remove_register_topup - 2021-10-18 15:27:49,615 - common_method - [common_method.py-->line:43] - ERROR: Message: element not interactable
  (Session info: chrome=94.0.4606.81)

!!--!!remove_register_topup - 2021-10-18 15:27:49,615 - common_method - [common_method.py-->line:43] - ERROR: Message: element not interactable
  (Session info: chrome=94.0.4606.81)

!!--!!remove_register_topup - 2021-10-18 15:27:49,615 - common_method - [common_method.py-->line:43] - ERROR: Message: element not interactable
  (Session info: chrome=94.0.4606.81)

!!--!!remove_register_topup - 2021-10-18 15:27:49,615 - common_method - [common_method.py-->line:43] - ERROR: Message: element not interactable
  (Session info: chrome=94.0.4606.81)

!!--!!remove_register_topup - 2021-10-18 15:27:49,615 - common_method - [common_method.py-->line:43] - ERROR: Message: element not interactable
  (Session info: chrome=94.0.4606.81)

!!--!!remove_register_topup - 2021-10-18 15:27:49,615 - common_method - [common_method.py-->line:43] - ERROR: Message: element not interactable
  (Session info: chrome=94.0.4606.81)

!!--!!remove_register_topup - 2021-10-18 15:28:19,787 - common_method - [common_method.py-->line:43] - ERROR: Message: element not interactable
  (Session info: chrome=94.0.4606.81)

!!--!!remove_register_topup - 2021-10-18 15:28:19,787 - common_method - [common_method.py-->line:43] - ERROR: Message: element not interactable
  (Session info: chrome=94.0.4606.81)

!!--!!remove_register_topup - 2021-10-18 15:28:19,787 - common_method - [common_method.py-->line:43] - ERROR: Message: element not interactable
  (Session info: chrome=94.0.4606.81)

!!--!!remove_register_topup - 2021-10-18 15:28:19,787 - common_method - [common_method.py-->line:43] - ERROR: Message: element not interactable
  (Session info: chrome=94.0.4606.81)

!!--!!remove_register_topup - 2021-10-18 15:28:19,787 - common_method - [common_method.py-->line:43] - ERROR: Message: element not interactable
  (Session info: chrome=94.0.4606.81)

!!--!!remove_register_topup - 2021-10-18 15:28:19,787 - common_method - [common_method.py-->line:43] - ERROR: Message: element not interactable
  (Session info: chrome=94.0.4606.81)

!!--!!remove_register_topup - 2021-10-18 15:28:19,787 - common_method - [common_method.py-->line:43] - ERROR: Message: element not interactable
  (Session info: chrome=94.0.4606.81)

!!--!!remove_register_topup - 2021-10-18 15:28:19,787 - common_method - [common_method.py-->line:43] - ERROR: Message: element not interactable
  (Session info: chrome=94.0.4606.81)

!!--!!remove_register_topup - 2021-10-18 15:28:19,787 - common_method - [common_method.py-->line:43] - ERROR: Message: element not interactable
  (Session info: chrome=94.0.4606.81)

!!--!!choose_register_lang - 2021-10-18 15:28:21,952 - common_method - [common_method.py-->line:75] - ERROR: Message: element not interactable: element has zero size
  (Session info: chrome=94.0.4606.81)

!!--!!click_error - 2021-10-18 15:28:29,221 - browser_actions - [browser_actions.py-->line:255] - ERROR: 'NoneType' object has no attribute 'click'
!!--!!display_finds_element - 2021-10-18 15:28:43,018 - browser_actions - [browser_actions.py-->line:118] - ERROR: 元素不存在或者不可见：Message: 

!!--!!nosuch_elements - 2021-10-18 15:28:43,020 - browser_actions - [browser_actions.py-->line:145] - ERROR: object of type 'NoneType' has no len()
!!--!!display_get_text - 2021-10-18 15:28:43,021 - browser_actions - [browser_actions.py-->line:246] - ERROR: 'NoneType' object has no attribute 'text'
!!--!!remove_register_topup - 2021-10-18 15:34:19,526 - common_method - [common_method.py-->line:43] - ERROR: Message: element not interactable
  (Session info: chrome=94.0.4606.81)

!!--!!remove_register_topup - 2021-10-18 15:35:37,761 - common_method - [common_method.py-->line:43] - ERROR: Message: element not interactable
  (Session info: chrome=94.0.4606.81)

!!--!!remove_register_topup - 2021-10-18 15:35:37,761 - common_method - [common_method.py-->line:43] - ERROR: Message: element not interactable
  (Session info: chrome=94.0.4606.81)

!!--!!remove_register_topup - 2021-10-18 15:40:11,504 - common_method - [common_method.py-->line:43] - ERROR: Message: element not interactable
  (Session info: chrome=94.0.4606.81)

!!--!!remove_register_topup - 2021-10-18 15:41:36,418 - common_method - [common_method.py-->line:43] - ERROR: Message: element not interactable
  (Session info: chrome=94.0.4606.81)

!!--!!remove_register_topup - 2021-10-18 15:41:36,418 - common_method - [common_method.py-->line:43] - ERROR: Message: element not interactable
  (Session info: chrome=94.0.4606.81)

!!--!!display_finds_element - 2021-10-18 15:42:30,699 - browser_actions - [browser_actions.py-->line:118] - ERROR: 元素不存在或者不可见：Message: 

!!--!!nosuch_elements - 2021-10-18 15:42:30,701 - browser_actions - [browser_actions.py-->line:145] - ERROR: object of type 'NoneType' has no len()
!!--!!display_click - 2021-10-18 15:42:30,703 - browser_actions - [browser_actions.py-->line:262] - ERROR: 'NoneType' object has no attribute 'click'
!!--!!display_finds_element - 2021-10-18 15:42:36,749 - browser_actions - [browser_actions.py-->line:118] - ERROR: 元素不存在或者不可见：Message: 

!!--!!display_finds_element - 2021-10-18 15:42:36,749 - browser_actions - [browser_actions.py-->line:118] - ERROR: 元素不存在或者不可见：Message: 

!!--!!nosuch_elements - 2021-10-18 15:42:36,753 - browser_actions - [browser_actions.py-->line:145] - ERROR: object of type 'NoneType' has no len()
!!--!!nosuch_elements - 2021-10-18 15:42:36,753 - browser_actions - [browser_actions.py-->line:145] - ERROR: object of type 'NoneType' has no len()
!!--!!display_click - 2021-10-18 15:42:36,755 - browser_actions - [browser_actions.py-->line:262] - ERROR: 'NoneType' object has no attribute 'click'
!!--!!display_click - 2021-10-18 15:42:36,755 - browser_actions - [browser_actions.py-->line:262] - ERROR: 'NoneType' object has no attribute 'click'
!!--!!display_finds_element - 2021-10-18 15:42:42,819 - browser_actions - [browser_actions.py-->line:118] - ERROR: 元素不存在或者不可见：Message: 

!!--!!display_finds_element - 2021-10-18 15:42:42,819 - browser_actions - [browser_actions.py-->line:118] - ERROR: 元素不存在或者不可见：Message: 

!!--!!display_finds_element - 2021-10-18 15:42:42,819 - browser_actions - [browser_actions.py-->line:118] - ERROR: 元素不存在或者不可见：Message: 

!!--!!nosuch_elements - 2021-10-18 15:42:42,823 - browser_actions - [browser_actions.py-->line:145] - ERROR: object of type 'NoneType' has no len()
!!--!!nosuch_elements - 2021-10-18 15:42:42,823 - browser_actions - [browser_actions.py-->line:145] - ERROR: object of type 'NoneType' has no len()
!!--!!nosuch_elements - 2021-10-18 15:42:42,823 - browser_actions - [browser_actions.py-->line:145] - ERROR: object of type 'NoneType' has no len()
!!--!!display_input - 2021-10-18 15:42:42,827 - browser_actions - [browser_actions.py-->line:222] - ERROR: 'NoneType' object has no attribute 'send_keys'
!!--!!display_click - 2021-10-18 15:42:47,676 - browser_actions - [browser_actions.py-->line:262] - ERROR: Message: element click intercepted: Element <span data-v-57dc7c83="" class="menu-font">...</span> is not clickable at point (69, 360). Other element would receive the click: <div data-v-948ec668="" class="el-dialog__wrapper add-bankinfo" style="z-index: 2006;">...</div>
  (Session info: chrome=94.0.4606.81)

!!--!!display_click - 2021-10-18 15:42:47,676 - browser_actions - [browser_actions.py-->line:262] - ERROR: Message: element click intercepted: Element <span data-v-57dc7c83="" class="menu-font">...</span> is not clickable at point (69, 360). Other element would receive the click: <div data-v-948ec668="" class="el-dialog__wrapper add-bankinfo" style="z-index: 2006;">...</div>
  (Session info: chrome=94.0.4606.81)

!!--!!display_click - 2021-10-18 15:42:47,676 - browser_actions - [browser_actions.py-->line:262] - ERROR: Message: element click intercepted: Element <span data-v-57dc7c83="" class="menu-font">...</span> is not clickable at point (69, 360). Other element would receive the click: <div data-v-948ec668="" class="el-dialog__wrapper add-bankinfo" style="z-index: 2006;">...</div>
  (Session info: chrome=94.0.4606.81)

!!--!!display_finds_element - 2021-10-18 15:42:54,235 - browser_actions - [browser_actions.py-->line:118] - ERROR: 元素不存在或者不可见：Message: 

!!--!!display_finds_element - 2021-10-18 15:42:54,235 - browser_actions - [browser_actions.py-->line:118] - ERROR: 元素不存在或者不可见：Message: 

!!--!!display_finds_element - 2021-10-18 15:42:54,235 - browser_actions - [browser_actions.py-->line:118] - ERROR: 元素不存在或者不可见：Message: 

!!--!!display_finds_element - 2021-10-18 15:42:54,235 - browser_actions - [browser_actions.py-->line:118] - ERROR: 元素不存在或者不可见：Message: 

!!--!!nosuch_elements - 2021-10-18 15:42:54,241 - browser_actions - [browser_actions.py-->line:145] - ERROR: object of type 'NoneType' has no len()
!!--!!nosuch_elements - 2021-10-18 15:42:54,241 - browser_actions - [browser_actions.py-->line:145] - ERROR: object of type 'NoneType' has no len()
!!--!!nosuch_elements - 2021-10-18 15:42:54,241 - browser_actions - [browser_actions.py-->line:145] - ERROR: object of type 'NoneType' has no len()
!!--!!nosuch_elements - 2021-10-18 15:42:54,241 - browser_actions - [browser_actions.py-->line:145] - ERROR: object of type 'NoneType' has no len()
!!--!!display_click - 2021-10-18 15:42:54,248 - browser_actions - [browser_actions.py-->line:262] - ERROR: 'NoneType' object has no attribute 'click'
!!--!!display_click - 2021-10-18 15:42:54,248 - browser_actions - [browser_actions.py-->line:262] - ERROR: 'NoneType' object has no attribute 'click'
!!--!!display_click - 2021-10-18 15:42:54,248 - browser_actions - [browser_actions.py-->line:262] - ERROR: 'NoneType' object has no attribute 'click'
!!--!!display_click - 2021-10-18 15:42:54,248 - browser_actions - [browser_actions.py-->line:262] - ERROR: 'NoneType' object has no attribute 'click'
!!--!!display_finds_element - 2021-10-18 15:43:00,353 - browser_actions - [browser_actions.py-->line:118] - ERROR: 元素不存在或者不可见：Message: 

!!--!!display_finds_element - 2021-10-18 15:43:00,353 - browser_actions - [browser_actions.py-->line:118] - ERROR: 元素不存在或者不可见：Message: 

!!--!!display_finds_element - 2021-10-18 15:43:00,353 - browser_actions - [browser_actions.py-->line:118] - ERROR: 元素不存在或者不可见：Message: 

!!--!!display_finds_element - 2021-10-18 15:43:00,353 - browser_actions - [browser_actions.py-->line:118] - ERROR: 元素不存在或者不可见：Message: 

!!--!!display_finds_element - 2021-10-18 15:43:00,353 - browser_actions - [browser_actions.py-->line:118] - ERROR: 元素不存在或者不可见：Message: 

!!--!!nosuch_elements - 2021-10-18 15:43:00,380 - browser_actions - [browser_actions.py-->line:145] - ERROR: object of type 'NoneType' has no len()
!!--!!nosuch_elements - 2021-10-18 15:43:00,380 - browser_actions - [browser_actions.py-->line:145] - ERROR: object of type 'NoneType' has no len()
!!--!!nosuch_elements - 2021-10-18 15:43:00,380 - browser_actions - [browser_actions.py-->line:145] - ERROR: object of type 'NoneType' has no len()
!!--!!nosuch_elements - 2021-10-18 15:43:00,380 - browser_actions - [browser_actions.py-->line:145] - ERROR: object of type 'NoneType' has no len()
!!--!!nosuch_elements - 2021-10-18 15:43:00,380 - browser_actions - [browser_actions.py-->line:145] - ERROR: object of type 'NoneType' has no len()
!!--!!display_click - 2021-10-18 15:43:00,389 - browser_actions - [browser_actions.py-->line:262] - ERROR: 'NoneType' object has no attribute 'click'
!!--!!display_click - 2021-10-18 15:43:00,389 - browser_actions - [browser_actions.py-->line:262] - ERROR: 'NoneType' object has no attribute 'click'
!!--!!display_click - 2021-10-18 15:43:00,389 - browser_actions - [browser_actions.py-->line:262] - ERROR: 'NoneType' object has no attribute 'click'
!!--!!display_click - 2021-10-18 15:43:00,389 - browser_actions - [browser_actions.py-->line:262] - ERROR: 'NoneType' object has no attribute 'click'
!!--!!display_click - 2021-10-18 15:43:00,389 - browser_actions - [browser_actions.py-->line:262] - ERROR: 'NoneType' object has no attribute 'click'
!!--!!display_finds_element - 2021-10-18 15:43:06,979 - browser_actions - [browser_actions.py-->line:118] - ERROR: 元素不存在或者不可见：Message: 

!!--!!display_finds_element - 2021-10-18 15:43:06,979 - browser_actions - [browser_actions.py-->line:118] - ERROR: 元素不存在或者不可见：Message: 

!!--!!display_finds_element - 2021-10-18 15:43:06,979 - browser_actions - [browser_actions.py-->line:118] - ERROR: 元素不存在或者不可见：Message: 

!!--!!display_finds_element - 2021-10-18 15:43:06,979 - browser_actions - [browser_actions.py-->line:118] - ERROR: 元素不存在或者不可见：Message: 

!!--!!display_finds_element - 2021-10-18 15:43:06,979 - browser_actions - [browser_actions.py-->line:118] - ERROR: 元素不存在或者不可见：Message: 

!!--!!display_finds_element - 2021-10-18 15:43:06,979 - browser_actions - [browser_actions.py-->line:118] - ERROR: 元素不存在或者不可见：Message: 

!!--!!nosuch_elements - 2021-10-18 15:43:06,990 - browser_actions - [browser_actions.py-->line:145] - ERROR: object of type 'NoneType' has no len()
!!--!!nosuch_elements - 2021-10-18 15:43:06,990 - browser_actions - [browser_actions.py-->line:145] - ERROR: object of type 'NoneType' has no len()
!!--!!nosuch_elements - 2021-10-18 15:43:06,990 - browser_actions - [browser_actions.py-->line:145] - ERROR: object of type 'NoneType' has no len()
!!--!!nosuch_elements - 2021-10-18 15:43:06,990 - browser_actions - [browser_actions.py-->line:145] - ERROR: object of type 'NoneType' has no len()
!!--!!nosuch_elements - 2021-10-18 15:43:06,990 - browser_actions - [browser_actions.py-->line:145] - ERROR: object of type 'NoneType' has no len()
!!--!!nosuch_elements - 2021-10-18 15:43:06,990 - browser_actions - [browser_actions.py-->line:145] - ERROR: object of type 'NoneType' has no len()
!!--!!display_click - 2021-10-18 15:43:07,013 - browser_actions - [browser_actions.py-->line:262] - ERROR: 'NoneType' object has no attribute 'click'
!!--!!display_click - 2021-10-18 15:43:07,013 - browser_actions - [browser_actions.py-->line:262] - ERROR: 'NoneType' object has no attribute 'click'
!!--!!display_click - 2021-10-18 15:43:07,013 - browser_actions - [browser_actions.py-->line:262] - ERROR: 'NoneType' object has no attribute 'click'
!!--!!display_click - 2021-10-18 15:43:07,013 - browser_actions - [browser_actions.py-->line:262] - ERROR: 'NoneType' object has no attribute 'click'
!!--!!display_click - 2021-10-18 15:43:07,013 - browser_actions - [browser_actions.py-->line:262] - ERROR: 'NoneType' object has no attribute 'click'
!!--!!display_click - 2021-10-18 15:43:07,013 - browser_actions - [browser_actions.py-->line:262] - ERROR: 'NoneType' object has no attribute 'click'
!!--!!display_finds_element - 2021-10-18 15:43:13,075 - browser_actions - [browser_actions.py-->line:118] - ERROR: 元素不存在或者不可见：Message: 

!!--!!display_finds_element - 2021-10-18 15:43:13,075 - browser_actions - [browser_actions.py-->line:118] - ERROR: 元素不存在或者不可见：Message: 

!!--!!display_finds_element - 2021-10-18 15:43:13,075 - browser_actions - [browser_actions.py-->line:118] - ERROR: 元素不存在或者不可见：Message: 

!!--!!display_finds_element - 2021-10-18 15:43:13,075 - browser_actions - [browser_actions.py-->line:118] - ERROR: 元素不存在或者不可见：Message: 

!!--!!display_finds_element - 2021-10-18 15:43:13,075 - browser_actions - [browser_actions.py-->line:118] - ERROR: 元素不存在或者不可见：Message: 

!!--!!display_finds_element - 2021-10-18 15:43:13,075 - browser_actions - [browser_actions.py-->line:118] - ERROR: 元素不存在或者不可见：Message: 

!!--!!display_finds_element - 2021-10-18 15:43:13,075 - browser_actions - [browser_actions.py-->line:118] - ERROR: 元素不存在或者不可见：Message: 

!!--!!nosuch_elements - 2021-10-18 15:43:13,085 - browser_actions - [browser_actions.py-->line:145] - ERROR: object of type 'NoneType' has no len()
!!--!!nosuch_elements - 2021-10-18 15:43:13,085 - browser_actions - [browser_actions.py-->line:145] - ERROR: object of type 'NoneType' has no len()
!!--!!nosuch_elements - 2021-10-18 15:43:13,085 - browser_actions - [browser_actions.py-->line:145] - ERROR: object of type 'NoneType' has no len()
!!--!!nosuch_elements - 2021-10-18 15:43:13,085 - browser_actions - [browser_actions.py-->line:145] - ERROR: object of type 'NoneType' has no len()
!!--!!nosuch_elements - 2021-10-18 15:43:13,085 - browser_actions - [browser_actions.py-->line:145] - ERROR: object of type 'NoneType' has no len()
!!--!!nosuch_elements - 2021-10-18 15:43:13,085 - browser_actions - [browser_actions.py-->line:145] - ERROR: object of type 'NoneType' has no len()
!!--!!nosuch_elements - 2021-10-18 15:43:13,085 - browser_actions - [browser_actions.py-->line:145] - ERROR: object of type 'NoneType' has no len()
!!--!!display_click - 2021-10-18 15:43:13,114 - browser_actions - [browser_actions.py-->line:262] - ERROR: 'NoneType' object has no attribute 'click'
!!--!!display_click - 2021-10-18 15:43:13,114 - browser_actions - [browser_actions.py-->line:262] - ERROR: 'NoneType' object has no attribute 'click'
!!--!!display_click - 2021-10-18 15:43:13,114 - browser_actions - [browser_actions.py-->line:262] - ERROR: 'NoneType' object has no attribute 'click'
!!--!!display_click - 2021-10-18 15:43:13,114 - browser_actions - [browser_actions.py-->line:262] - ERROR: 'NoneType' object has no attribute 'click'
!!--!!display_click - 2021-10-18 15:43:13,114 - browser_actions - [browser_actions.py-->line:262] - ERROR: 'NoneType' object has no attribute 'click'
!!--!!display_click - 2021-10-18 15:43:13,114 - browser_actions - [browser_actions.py-->line:262] - ERROR: 'NoneType' object has no attribute 'click'
!!--!!display_click - 2021-10-18 15:43:13,114 - browser_actions - [browser_actions.py-->line:262] - ERROR: 'NoneType' object has no attribute 'click'
!!--!!display_finds_element - 2021-10-18 15:43:19,185 - browser_actions - [browser_actions.py-->line:118] - ERROR: 元素不存在或者不可见：Message: 

!!--!!display_finds_element - 2021-10-18 15:43:19,185 - browser_actions - [browser_actions.py-->line:118] - ERROR: 元素不存在或者不可见：Message: 

!!--!!display_finds_element - 2021-10-18 15:43:19,185 - browser_actions - [browser_actions.py-->line:118] - ERROR: 元素不存在或者不可见：Message: 

!!--!!display_finds_element - 2021-10-18 15:43:19,185 - browser_actions - [browser_actions.py-->line:118] - ERROR: 元素不存在或者不可见：Message: 

!!--!!display_finds_element - 2021-10-18 15:43:19,185 - browser_actions - [browser_actions.py-->line:118] - ERROR: 元素不存在或者不可见：Message: 

!!--!!display_finds_element - 2021-10-18 15:43:19,185 - browser_actions - [browser_actions.py-->line:118] - ERROR: 元素不存在或者不可见：Message: 

!!--!!display_finds_element - 2021-10-18 15:43:19,185 - browser_actions - [browser_actions.py-->line:118] - ERROR: 元素不存在或者不可见：Message: 

!!--!!display_finds_element - 2021-10-18 15:43:19,185 - browser_actions - [browser_actions.py-->line:118] - ERROR: 元素不存在或者不可见：Message: 

!!--!!nosuch_elements - 2021-10-18 15:43:19,193 - browser_actions - [browser_actions.py-->line:145] - ERROR: object of type 'NoneType' has no len()
!!--!!nosuch_elements - 2021-10-18 15:43:19,193 - browser_actions - [browser_actions.py-->line:145] - ERROR: object of type 'NoneType' has no len()
!!--!!nosuch_elements - 2021-10-18 15:43:19,193 - browser_actions - [browser_actions.py-->line:145] - ERROR: object of type 'NoneType' has no len()
!!--!!nosuch_elements - 2021-10-18 15:43:19,193 - browser_actions - [browser_actions.py-->line:145] - ERROR: object of type 'NoneType' has no len()
!!--!!nosuch_elements - 2021-10-18 15:43:19,193 - browser_actions - [browser_actions.py-->line:145] - ERROR: object of type 'NoneType' has no len()
!!--!!nosuch_elements - 2021-10-18 15:43:19,193 - browser_actions - [browser_actions.py-->line:145] - ERROR: object of type 'NoneType' has no len()
!!--!!nosuch_elements - 2021-10-18 15:43:19,193 - browser_actions - [browser_actions.py-->line:145] - ERROR: object of type 'NoneType' has no len()
!!--!!nosuch_elements - 2021-10-18 15:43:19,193 - browser_actions - [browser_actions.py-->line:145] - ERROR: object of type 'NoneType' has no len()
!!--!!display_click - 2021-10-18 15:43:19,223 - browser_actions - [browser_actions.py-->line:262] - ERROR: 'NoneType' object has no attribute 'click'
!!--!!display_click - 2021-10-18 15:43:19,223 - browser_actions - [browser_actions.py-->line:262] - ERROR: 'NoneType' object has no attribute 'click'
!!--!!display_click - 2021-10-18 15:43:19,223 - browser_actions - [browser_actions.py-->line:262] - ERROR: 'NoneType' object has no attribute 'click'
!!--!!display_click - 2021-10-18 15:43:19,223 - browser_actions - [browser_actions.py-->line:262] - ERROR: 'NoneType' object has no attribute 'click'
!!--!!display_click - 2021-10-18 15:43:19,223 - browser_actions - [browser_actions.py-->line:262] - ERROR: 'NoneType' object has no attribute 'click'
!!--!!display_click - 2021-10-18 15:43:19,223 - browser_actions - [browser_actions.py-->line:262] - ERROR: 'NoneType' object has no attribute 'click'
!!--!!display_click - 2021-10-18 15:43:19,223 - browser_actions - [browser_actions.py-->line:262] - ERROR: 'NoneType' object has no attribute 'click'
!!--!!display_click - 2021-10-18 15:43:19,223 - browser_actions - [browser_actions.py-->line:262] - ERROR: 'NoneType' object has no attribute 'click'
!!--!!display_finds_element - 2021-10-18 15:43:25,340 - browser_actions - [browser_actions.py-->line:118] - ERROR: 元素不存在或者不可见：Message: 

!!--!!display_finds_element - 2021-10-18 15:43:25,340 - browser_actions - [browser_actions.py-->line:118] - ERROR: 元素不存在或者不可见：Message: 

!!--!!display_finds_element - 2021-10-18 15:43:25,340 - browser_actions - [browser_actions.py-->line:118] - ERROR: 元素不存在或者不可见：Message: 

!!--!!display_finds_element - 2021-10-18 15:43:25,340 - browser_actions - [browser_actions.py-->line:118] - ERROR: 元素不存在或者不可见：Message: 

!!--!!display_finds_element - 2021-10-18 15:43:25,340 - browser_actions - [browser_actions.py-->line:118] - ERROR: 元素不存在或者不可见：Message: 

!!--!!display_finds_element - 2021-10-18 15:43:25,340 - browser_actions - [browser_actions.py-->line:118] - ERROR: 元素不存在或者不可见：Message: 

!!--!!display_finds_element - 2021-10-18 15:43:25,340 - browser_actions - [browser_actions.py-->line:118] - ERROR: 元素不存在或者不可见：Message: 

!!--!!display_finds_element - 2021-10-18 15:43:25,340 - browser_actions - [browser_actions.py-->line:118] - ERROR: 元素不存在或者不可见：Message: 

!!--!!display_finds_element - 2021-10-18 15:43:25,340 - browser_actions - [browser_actions.py-->line:118] - ERROR: 元素不存在或者不可见：Message: 

!!--!!nosuch_elements - 2021-10-18 15:43:25,349 - browser_actions - [browser_actions.py-->line:145] - ERROR: object of type 'NoneType' has no len()
!!--!!nosuch_elements - 2021-10-18 15:43:25,349 - browser_actions - [browser_actions.py-->line:145] - ERROR: object of type 'NoneType' has no len()
!!--!!nosuch_elements - 2021-10-18 15:43:25,349 - browser_actions - [browser_actions.py-->line:145] - ERROR: object of type 'NoneType' has no len()
!!--!!nosuch_elements - 2021-10-18 15:43:25,349 - browser_actions - [browser_actions.py-->line:145] - ERROR: object of type 'NoneType' has no len()
!!--!!nosuch_elements - 2021-10-18 15:43:25,349 - browser_actions - [browser_actions.py-->line:145] - ERROR: object of type 'NoneType' has no len()
!!--!!nosuch_elements - 2021-10-18 15:43:25,349 - browser_actions - [browser_actions.py-->line:145] - ERROR: object of type 'NoneType' has no len()
!!--!!nosuch_elements - 2021-10-18 15:43:25,349 - browser_actions - [browser_actions.py-->line:145] - ERROR: object of type 'NoneType' has no len()
!!--!!nosuch_elements - 2021-10-18 15:43:25,349 - browser_actions - [browser_actions.py-->line:145] - ERROR: object of type 'NoneType' has no len()
!!--!!nosuch_elements - 2021-10-18 15:43:25,349 - browser_actions - [browser_actions.py-->line:145] - ERROR: object of type 'NoneType' has no len()
!!--!!display_click - 2021-10-18 15:43:25,383 - browser_actions - [browser_actions.py-->line:262] - ERROR: 'NoneType' object has no attribute 'click'
!!--!!display_click - 2021-10-18 15:43:25,383 - browser_actions - [browser_actions.py-->line:262] - ERROR: 'NoneType' object has no attribute 'click'
!!--!!display_click - 2021-10-18 15:43:25,383 - browser_actions - [browser_actions.py-->line:262] - ERROR: 'NoneType' object has no attribute 'click'
!!--!!display_click - 2021-10-18 15:43:25,383 - browser_actions - [browser_actions.py-->line:262] - ERROR: 'NoneType' object has no attribute 'click'
!!--!!display_click - 2021-10-18 15:43:25,383 - browser_actions - [browser_actions.py-->line:262] - ERROR: 'NoneType' object has no attribute 'click'
!!--!!display_click - 2021-10-18 15:43:25,383 - browser_actions - [browser_actions.py-->line:262] - ERROR: 'NoneType' object has no attribute 'click'
!!--!!display_click - 2021-10-18 15:43:25,383 - browser_actions - [browser_actions.py-->line:262] - ERROR: 'NoneType' object has no attribute 'click'
!!--!!display_click - 2021-10-18 15:43:25,383 - browser_actions - [browser_actions.py-->line:262] - ERROR: 'NoneType' object has no attribute 'click'
!!--!!display_click - 2021-10-18 15:43:25,383 - browser_actions - [browser_actions.py-->line:262] - ERROR: 'NoneType' object has no attribute 'click'
!!--!!remove_register_topup - 2021-10-18 16:05:42,012 - common_method - [common_method.py-->line:43] - ERROR: Message: element not interactable
  (Session info: chrome=94.0.4606.81)

!!--!!remove_register_topup - 2021-10-18 16:07:02,886 - common_method - [common_method.py-->line:43] - ERROR: Message: element not interactable
  (Session info: chrome=94.0.4606.81)

!!--!!remove_register_topup - 2021-10-18 16:07:02,886 - common_method - [common_method.py-->line:43] - ERROR: Message: element not interactable
  (Session info: chrome=94.0.4606.81)

!!--!!remove_register_topup - 2021-10-18 16:09:31,072 - common_method - [common_method.py-->line:43] - ERROR: Message: element not interactable
  (Session info: chrome=94.0.4606.81)

!!--!!remove_register_topup - 2021-10-18 16:10:36,968 - common_method - [common_method.py-->line:43] - ERROR: Message: element not interactable
  (Session info: chrome=94.0.4606.81)

