!!--!!switch_windows - 2021-10-14 10:39:20,956 - browser_actions - [browser_actions.py-->line:376] - ERROR: Message: chrome not reachable
  (Session info: chrome=94.0.4606.71)

!!--!!driver_name - 2021-10-14 14:53:48,155 - browser_actions - [browser_actions.py-->line:49] - ERROR: 启动浏览器异常Message: unknown error: Chrome failed to start: exited normally.
  (unknown error: DevToolsActivePort file doesn't exist)
  (The process started from chrome location C:\Program Files\Google\Chrome\Application\chrome.exe is no longer running, so ChromeDriver is assuming that Chrome has crashed.)

!!--!!url_error - 2021-10-14 14:53:48,257 - browser_actions - [browser_actions.py-->line:56] - WARNING: 请输入正确的域名
!!--!!choose_bos_lang - 2021-10-14 14:53:49,320 - common_method - [common_method.py-->line:124] - ERROR: 'NoneType' object has no attribute 'find_element_by_css_selector'
!!--!!login_bos - 2021-10-14 14:53:49,323 - common_method - [common_method.py-->line:141] - ERROR: 'NoneType' object has no attribute 'find_elements_by_css_selector'
!!--!!display_finds_element - 2021-10-14 14:53:50,334 - browser_actions - [browser_actions.py-->line:118] - ERROR: 元素不存在或者不可见：'Commonweb' object has no attribute 'driver'
!!--!!nosuch_elements - 2021-10-14 14:53:50,336 - browser_actions - [browser_actions.py-->line:145] - ERROR: object of type 'NoneType' has no len()
!!--!!display_click - 2021-10-14 14:53:50,338 - browser_actions - [browser_actions.py-->line:262] - ERROR: 'NoneType' object has no attribute 'click'
!!--!!display_finds_element - 2021-10-14 14:53:50,849 - browser_actions - [browser_actions.py-->line:118] - ERROR: 元素不存在或者不可见：'Commonweb' object has no attribute 'driver'
!!--!!display_finds_element - 2021-10-14 14:53:50,849 - browser_actions - [browser_actions.py-->line:118] - ERROR: 元素不存在或者不可见：'Commonweb' object has no attribute 'driver'
!!--!!nosuch_elements - 2021-10-14 14:53:50,854 - browser_actions - [browser_actions.py-->line:145] - ERROR: object of type 'NoneType' has no len()
!!--!!nosuch_elements - 2021-10-14 14:53:50,854 - browser_actions - [browser_actions.py-->line:145] - ERROR: object of type 'NoneType' has no len()
!!--!!display_click - 2021-10-14 14:53:50,856 - browser_actions - [browser_actions.py-->line:262] - ERROR: 'NoneType' object has no attribute 'click'
!!--!!display_click - 2021-10-14 14:53:50,856 - browser_actions - [browser_actions.py-->line:262] - ERROR: 'NoneType' object has no attribute 'click'
!!--!!display_finds_element - 2021-10-14 14:53:51,866 - browser_actions - [browser_actions.py-->line:118] - ERROR: 元素不存在或者不可见：'Commonweb' object has no attribute 'driver'
!!--!!display_finds_element - 2021-10-14 14:53:51,866 - browser_actions - [browser_actions.py-->line:118] - ERROR: 元素不存在或者不可见：'Commonweb' object has no attribute 'driver'
!!--!!display_finds_element - 2021-10-14 14:53:51,866 - browser_actions - [browser_actions.py-->line:118] - ERROR: 元素不存在或者不可见：'Commonweb' object has no attribute 'driver'
!!--!!nosuch_elements - 2021-10-14 14:53:51,870 - browser_actions - [browser_actions.py-->line:145] - ERROR: object of type 'NoneType' has no len()
!!--!!nosuch_elements - 2021-10-14 14:53:51,870 - browser_actions - [browser_actions.py-->line:145] - ERROR: object of type 'NoneType' has no len()
!!--!!nosuch_elements - 2021-10-14 14:53:51,870 - browser_actions - [browser_actions.py-->line:145] - ERROR: object of type 'NoneType' has no len()
!!--!!display_click - 2021-10-14 14:53:51,875 - browser_actions - [browser_actions.py-->line:262] - ERROR: 'NoneType' object has no attribute 'click'
!!--!!display_click - 2021-10-14 14:53:51,875 - browser_actions - [browser_actions.py-->line:262] - ERROR: 'NoneType' object has no attribute 'click'
!!--!!display_click - 2021-10-14 14:53:51,875 - browser_actions - [browser_actions.py-->line:262] - ERROR: 'NoneType' object has no attribute 'click'
!!--!!display_finds_element - 2021-10-14 14:53:52,386 - browser_actions - [browser_actions.py-->line:118] - ERROR: 元素不存在或者不可见：'Commonweb' object has no attribute 'driver'
!!--!!display_finds_element - 2021-10-14 14:53:52,386 - browser_actions - [browser_actions.py-->line:118] - ERROR: 元素不存在或者不可见：'Commonweb' object has no attribute 'driver'
!!--!!display_finds_element - 2021-10-14 14:53:52,386 - browser_actions - [browser_actions.py-->line:118] - ERROR: 元素不存在或者不可见：'Commonweb' object has no attribute 'driver'
!!--!!display_finds_element - 2021-10-14 14:53:52,386 - browser_actions - [browser_actions.py-->line:118] - ERROR: 元素不存在或者不可见：'Commonweb' object has no attribute 'driver'
!!--!!nosuch_elements - 2021-10-14 14:53:52,392 - browser_actions - [browser_actions.py-->line:145] - ERROR: object of type 'NoneType' has no len()
!!--!!nosuch_elements - 2021-10-14 14:53:52,392 - browser_actions - [browser_actions.py-->line:145] - ERROR: object of type 'NoneType' has no len()
!!--!!nosuch_elements - 2021-10-14 14:53:52,392 - browser_actions - [browser_actions.py-->line:145] - ERROR: object of type 'NoneType' has no len()
!!--!!nosuch_elements - 2021-10-14 14:53:52,392 - browser_actions - [browser_actions.py-->line:145] - ERROR: object of type 'NoneType' has no len()
!!--!!display_click - 2021-10-14 14:53:52,397 - browser_actions - [browser_actions.py-->line:262] - ERROR: 'NoneType' object has no attribute 'click'
!!--!!display_click - 2021-10-14 14:53:52,397 - browser_actions - [browser_actions.py-->line:262] - ERROR: 'NoneType' object has no attribute 'click'
!!--!!display_click - 2021-10-14 14:53:52,397 - browser_actions - [browser_actions.py-->line:262] - ERROR: 'NoneType' object has no attribute 'click'
!!--!!display_click - 2021-10-14 14:53:52,397 - browser_actions - [browser_actions.py-->line:262] - ERROR: 'NoneType' object has no attribute 'click'
