!!--!!click_error - 2021-12-07 11:03:37,602 - browser_actions - [browser_actions.py-->line:265] - ERROR: Message: element not interactable
  (Session info: chrome=96.0.4664.45)

!!--!!click_error - 2021-12-07 11:03:43,664 - browser_actions - [browser_actions.py-->line:265] - ERROR: Message: element not interactable
  (Session info: chrome=96.0.4664.45)

!!--!!click_error - 2021-12-07 11:03:43,664 - browser_actions - [browser_actions.py-->line:265] - ERROR: Message: element not interactable
  (Session info: chrome=96.0.4664.45)

!!--!!click_error - 2021-12-07 11:03:49,733 - browser_actions - [browser_actions.py-->line:265] - ERROR: Message: element not interactable
  (Session info: chrome=96.0.4664.45)

!!--!!click_error - 2021-12-07 11:03:49,733 - browser_actions - [browser_actions.py-->line:265] - ERROR: Message: element not interactable
  (Session info: chrome=96.0.4664.45)

!!--!!click_error - 2021-12-07 11:03:49,733 - browser_actions - [browser_actions.py-->line:265] - ERROR: Message: element not interactable
  (Session info: chrome=96.0.4664.45)

!!--!!display_click - 2021-12-07 11:04:11,269 - browser_actions - [browser_actions.py-->line:272] - ERROR: Message: element not interactable
  (Session info: chrome=96.0.4664.45)

!!--!!click_error - 2021-12-07 11:04:17,325 - browser_actions - [browser_actions.py-->line:265] - ERROR: 'NoneType' object has no attribute 'click'
!!--!!click_error - 2021-12-07 11:04:17,325 - browser_actions - [browser_actions.py-->line:265] - ERROR: 'NoneType' object has no attribute 'click'
!!--!!click_error - 2021-12-07 11:04:17,325 - browser_actions - [browser_actions.py-->line:265] - ERROR: 'NoneType' object has no attribute 'click'
!!--!!click_error - 2021-12-07 11:04:17,325 - browser_actions - [browser_actions.py-->line:265] - ERROR: 'NoneType' object has no attribute 'click'
!!--!!display_click - 2021-12-07 11:04:26,400 - browser_actions - [browser_actions.py-->line:272] - ERROR: Message: element not interactable
  (Session info: chrome=96.0.4664.45)

!!--!!display_click - 2021-12-07 11:04:26,400 - browser_actions - [browser_actions.py-->line:272] - ERROR: Message: element not interactable
  (Session info: chrome=96.0.4664.45)

!!--!!click_error - 2021-12-07 11:26:10,850 - browser_actions - [browser_actions.py-->line:265] - ERROR: Message: element not interactable
  (Session info: chrome=96.0.4664.45)

!!--!!find_elements - 2021-12-07 11:26:17,672 - browser_actions - [browser_actions.py-->line:92] - ERROR: 元素不存在或者不可见：Message: no such window: target window already closed
from unknown error: web view not found
  (Session info: chrome=96.0.4664.45)

!!--!!find_element - 2021-12-07 11:26:17,673 - browser_actions - [browser_actions.py-->line:139] - ERROR: object of type 'NoneType' has no len()
!!--!!clear_error - 2021-12-07 11:26:17,675 - browser_actions - [browser_actions.py-->line:242] - ERROR: 'NoneType' object has no attribute 'send_keys'
!!--!!find_elements - 2021-12-07 11:26:18,186 - browser_actions - [browser_actions.py-->line:92] - ERROR: 元素不存在或者不可见：Message: no such window: target window already closed
from unknown error: web view not found
  (Session info: chrome=96.0.4664.45)

!!--!!find_elements - 2021-12-07 11:26:18,186 - browser_actions - [browser_actions.py-->line:92] - ERROR: 元素不存在或者不可见：Message: no such window: target window already closed
from unknown error: web view not found
  (Session info: chrome=96.0.4664.45)

!!--!!find_element - 2021-12-07 11:26:18,188 - browser_actions - [browser_actions.py-->line:139] - ERROR: object of type 'NoneType' has no len()
!!--!!find_element - 2021-12-07 11:26:18,188 - browser_actions - [browser_actions.py-->line:139] - ERROR: object of type 'NoneType' has no len()
!!--!!input_error - 2021-12-07 11:26:18,189 - browser_actions - [browser_actions.py-->line:225] - ERROR: 'NoneType' object has no attribute 'send_keys'
!!--!!find_elements - 2021-12-07 11:26:19,199 - browser_actions - [browser_actions.py-->line:92] - ERROR: 元素不存在或者不可见：Message: no such window: target window already closed
from unknown error: web view not found
  (Session info: chrome=96.0.4664.45)

!!--!!find_elements - 2021-12-07 11:26:19,199 - browser_actions - [browser_actions.py-->line:92] - ERROR: 元素不存在或者不可见：Message: no such window: target window already closed
from unknown error: web view not found
  (Session info: chrome=96.0.4664.45)

!!--!!find_elements - 2021-12-07 11:26:19,199 - browser_actions - [browser_actions.py-->line:92] - ERROR: 元素不存在或者不可见：Message: no such window: target window already closed
from unknown error: web view not found
  (Session info: chrome=96.0.4664.45)

!!--!!find_element - 2021-12-07 11:26:19,201 - browser_actions - [browser_actions.py-->line:139] - ERROR: object of type 'NoneType' has no len()
!!--!!find_element - 2021-12-07 11:26:19,201 - browser_actions - [browser_actions.py-->line:139] - ERROR: object of type 'NoneType' has no len()
!!--!!find_element - 2021-12-07 11:26:19,201 - browser_actions - [browser_actions.py-->line:139] - ERROR: object of type 'NoneType' has no len()
!!--!!click_error - 2021-12-07 11:26:19,202 - browser_actions - [browser_actions.py-->line:265] - ERROR: 'NoneType' object has no attribute 'click'
!!--!!click_error - 2021-12-07 11:26:19,202 - browser_actions - [browser_actions.py-->line:265] - ERROR: 'NoneType' object has no attribute 'click'
!!--!!find_elements - 2021-12-07 11:26:21,212 - browser_actions - [browser_actions.py-->line:92] - ERROR: 元素不存在或者不可见：Message: no such window: target window already closed
from unknown error: web view not found
  (Session info: chrome=96.0.4664.45)

!!--!!find_elements - 2021-12-07 11:26:21,212 - browser_actions - [browser_actions.py-->line:92] - ERROR: 元素不存在或者不可见：Message: no such window: target window already closed
from unknown error: web view not found
  (Session info: chrome=96.0.4664.45)

!!--!!find_elements - 2021-12-07 11:26:21,212 - browser_actions - [browser_actions.py-->line:92] - ERROR: 元素不存在或者不可见：Message: no such window: target window already closed
from unknown error: web view not found
  (Session info: chrome=96.0.4664.45)

!!--!!find_elements - 2021-12-07 11:26:21,212 - browser_actions - [browser_actions.py-->line:92] - ERROR: 元素不存在或者不可见：Message: no such window: target window already closed
from unknown error: web view not found
  (Session info: chrome=96.0.4664.45)

!!--!!find_element - 2021-12-07 11:26:21,215 - browser_actions - [browser_actions.py-->line:139] - ERROR: object of type 'NoneType' has no len()
!!--!!find_element - 2021-12-07 11:26:21,215 - browser_actions - [browser_actions.py-->line:139] - ERROR: object of type 'NoneType' has no len()
!!--!!find_element - 2021-12-07 11:26:21,215 - browser_actions - [browser_actions.py-->line:139] - ERROR: object of type 'NoneType' has no len()
!!--!!find_element - 2021-12-07 11:26:21,215 - browser_actions - [browser_actions.py-->line:139] - ERROR: object of type 'NoneType' has no len()
!!--!!click_error - 2021-12-07 11:26:21,216 - browser_actions - [browser_actions.py-->line:265] - ERROR: 'NoneType' object has no attribute 'click'
!!--!!click_error - 2021-12-07 11:26:21,216 - browser_actions - [browser_actions.py-->line:265] - ERROR: 'NoneType' object has no attribute 'click'
!!--!!click_error - 2021-12-07 11:26:21,216 - browser_actions - [browser_actions.py-->line:265] - ERROR: 'NoneType' object has no attribute 'click'
!!--!!js_scroll - 2021-12-07 11:26:23,238 - browser_actions - [browser_actions.py-->line:435] - ERROR: Message: no such window: target window already closed
from unknown error: web view not found
  (Session info: chrome=96.0.4664.45)

!!--!!display_finds_element - 2021-12-07 11:26:24,254 - browser_actions - [browser_actions.py-->line:125] - ERROR: 元素不存在或者不可见：Message: no such window: target window already closed
from unknown error: web view not found
  (Session info: chrome=96.0.4664.45)

!!--!!nosuch_elements - 2021-12-07 11:26:24,256 - browser_actions - [browser_actions.py-->line:152] - ERROR: object of type 'NoneType' has no len()
!!--!!display_click - 2021-12-07 11:26:24,256 - browser_actions - [browser_actions.py-->line:272] - ERROR: 'NoneType' object has no attribute 'click'
!!--!!display_finds_element - 2021-12-07 11:26:25,263 - browser_actions - [browser_actions.py-->line:125] - ERROR: 元素不存在或者不可见：Message: no such window: target window already closed
from unknown error: web view not found
  (Session info: chrome=96.0.4664.45)

!!--!!display_finds_element - 2021-12-07 11:26:25,263 - browser_actions - [browser_actions.py-->line:125] - ERROR: 元素不存在或者不可见：Message: no such window: target window already closed
from unknown error: web view not found
  (Session info: chrome=96.0.4664.45)

!!--!!nosuch_elements - 2021-12-07 11:26:25,266 - browser_actions - [browser_actions.py-->line:152] - ERROR: object of type 'NoneType' has no len()
!!--!!nosuch_elements - 2021-12-07 11:26:25,266 - browser_actions - [browser_actions.py-->line:152] - ERROR: object of type 'NoneType' has no len()
!!--!!display_click - 2021-12-07 11:26:25,267 - browser_actions - [browser_actions.py-->line:272] - ERROR: 'NoneType' object has no attribute 'click'
!!--!!display_click - 2021-12-07 11:26:25,267 - browser_actions - [browser_actions.py-->line:272] - ERROR: 'NoneType' object has no attribute 'click'
!!--!!display_finds_element - 2021-12-07 11:26:25,268 - browser_actions - [browser_actions.py-->line:125] - ERROR: 元素不存在或者不可见：Message: no such window: target window already closed
from unknown error: web view not found
  (Session info: chrome=96.0.4664.45)

!!--!!display_finds_element - 2021-12-07 11:26:25,268 - browser_actions - [browser_actions.py-->line:125] - ERROR: 元素不存在或者不可见：Message: no such window: target window already closed
from unknown error: web view not found
  (Session info: chrome=96.0.4664.45)

!!--!!display_finds_element - 2021-12-07 11:26:25,268 - browser_actions - [browser_actions.py-->line:125] - ERROR: 元素不存在或者不可见：Message: no such window: target window already closed
from unknown error: web view not found
  (Session info: chrome=96.0.4664.45)

!!--!!nosuch_elements - 2021-12-07 11:26:25,271 - browser_actions - [browser_actions.py-->line:152] - ERROR: object of type 'NoneType' has no len()
!!--!!nosuch_elements - 2021-12-07 11:26:25,271 - browser_actions - [browser_actions.py-->line:152] - ERROR: object of type 'NoneType' has no len()
!!--!!nosuch_elements - 2021-12-07 11:26:25,271 - browser_actions - [browser_actions.py-->line:152] - ERROR: object of type 'NoneType' has no len()
!!--!!get_attributes - 2021-12-07 11:26:25,272 - browser_actions - [browser_actions.py-->line:162] - ERROR: 'NoneType' object has no attribute 'get_attribute'
!!--!!display_finds_element - 2021-12-07 11:26:25,274 - browser_actions - [browser_actions.py-->line:125] - ERROR: 元素不存在或者不可见：Message: no such window: target window already closed
from unknown error: web view not found
  (Session info: chrome=96.0.4664.45)

!!--!!display_finds_element - 2021-12-07 11:26:25,274 - browser_actions - [browser_actions.py-->line:125] - ERROR: 元素不存在或者不可见：Message: no such window: target window already closed
from unknown error: web view not found
  (Session info: chrome=96.0.4664.45)

!!--!!display_finds_element - 2021-12-07 11:26:25,274 - browser_actions - [browser_actions.py-->line:125] - ERROR: 元素不存在或者不可见：Message: no such window: target window already closed
from unknown error: web view not found
  (Session info: chrome=96.0.4664.45)

!!--!!display_finds_element - 2021-12-07 11:26:25,274 - browser_actions - [browser_actions.py-->line:125] - ERROR: 元素不存在或者不可见：Message: no such window: target window already closed
from unknown error: web view not found
  (Session info: chrome=96.0.4664.45)

!!--!!nosuch_elements - 2021-12-07 11:26:25,277 - browser_actions - [browser_actions.py-->line:152] - ERROR: object of type 'NoneType' has no len()
!!--!!nosuch_elements - 2021-12-07 11:26:25,277 - browser_actions - [browser_actions.py-->line:152] - ERROR: object of type 'NoneType' has no len()
!!--!!nosuch_elements - 2021-12-07 11:26:25,277 - browser_actions - [browser_actions.py-->line:152] - ERROR: object of type 'NoneType' has no len()
!!--!!nosuch_elements - 2021-12-07 11:26:25,277 - browser_actions - [browser_actions.py-->line:152] - ERROR: object of type 'NoneType' has no len()
!!--!!get_attributes - 2021-12-07 11:26:25,278 - browser_actions - [browser_actions.py-->line:162] - ERROR: 'NoneType' object has no attribute 'get_attribute'
!!--!!get_attributes - 2021-12-07 11:26:25,278 - browser_actions - [browser_actions.py-->line:162] - ERROR: 'NoneType' object has no attribute 'get_attribute'
!!--!!clear_error - 2021-12-07 11:28:12,066 - browser_actions - [browser_actions.py-->line:242] - ERROR: 'NoneType' object has no attribute 'send_keys'
!!--!!display_finds_element - 2021-12-07 11:28:18,638 - browser_actions - [browser_actions.py-->line:125] - ERROR: 元素不存在或者不可见：Message: 

!!--!!nosuch_elements - 2021-12-07 11:28:18,639 - browser_actions - [browser_actions.py-->line:152] - ERROR: object of type 'NoneType' has no len()
!!--!!display_input - 2021-12-07 11:28:18,640 - browser_actions - [browser_actions.py-->line:232] - ERROR: 'NoneType' object has no attribute 'send_keys'
!!--!!click_error - 2021-12-07 11:28:24,660 - browser_actions - [browser_actions.py-->line:265] - ERROR: 'NoneType' object has no attribute 'click'
!!--!!click_error - 2021-12-07 11:28:38,668 - browser_actions - [browser_actions.py-->line:265] - ERROR: Message: element not interactable
  (Session info: chrome=96.0.4664.45)

!!--!!click_error - 2021-12-07 11:28:38,668 - browser_actions - [browser_actions.py-->line:265] - ERROR: Message: element not interactable
  (Session info: chrome=96.0.4664.45)

!!--!!click_error - 2021-12-07 11:28:44,708 - browser_actions - [browser_actions.py-->line:265] - ERROR: 'NoneType' object has no attribute 'click'
!!--!!click_error - 2021-12-07 11:28:44,708 - browser_actions - [browser_actions.py-->line:265] - ERROR: 'NoneType' object has no attribute 'click'
!!--!!click_error - 2021-12-07 11:28:44,708 - browser_actions - [browser_actions.py-->line:265] - ERROR: 'NoneType' object has no attribute 'click'
!!--!!click_error - 2021-12-07 11:28:50,775 - browser_actions - [browser_actions.py-->line:265] - ERROR: 'NoneType' object has no attribute 'click'
!!--!!click_error - 2021-12-07 11:28:50,775 - browser_actions - [browser_actions.py-->line:265] - ERROR: 'NoneType' object has no attribute 'click'
!!--!!click_error - 2021-12-07 11:28:50,775 - browser_actions - [browser_actions.py-->line:265] - ERROR: 'NoneType' object has no attribute 'click'
!!--!!click_error - 2021-12-07 11:28:50,775 - browser_actions - [browser_actions.py-->line:265] - ERROR: 'NoneType' object has no attribute 'click'
!!--!!display_click - 2021-12-07 11:28:58,912 - browser_actions - [browser_actions.py-->line:272] - ERROR: Message: element not interactable
  (Session info: chrome=96.0.4664.45)

!!--!!display_click - 2021-12-07 11:29:00,018 - browser_actions - [browser_actions.py-->line:272] - ERROR: Message: element click intercepted: Element <button data-v-b332bf66="" type="button" class="ivu-btn ivu-btn-default">...</button> is not clickable at point (1031, 206). Other element would receive the click: <div class="ivu-modal-wrap" style="z-index: 1282;">...</div>
  (Session info: chrome=96.0.4664.45)

!!--!!display_click - 2021-12-07 11:29:00,018 - browser_actions - [browser_actions.py-->line:272] - ERROR: Message: element click intercepted: Element <button data-v-b332bf66="" type="button" class="ivu-btn ivu-btn-default">...</button> is not clickable at point (1031, 206). Other element would receive the click: <div class="ivu-modal-wrap" style="z-index: 1282;">...</div>
  (Session info: chrome=96.0.4664.45)

!!--!!display_click - 2021-12-07 11:29:06,095 - browser_actions - [browser_actions.py-->line:272] - ERROR: Message: element not interactable
  (Session info: chrome=96.0.4664.45)

!!--!!display_click - 2021-12-07 11:29:06,095 - browser_actions - [browser_actions.py-->line:272] - ERROR: Message: element not interactable
  (Session info: chrome=96.0.4664.45)

!!--!!display_click - 2021-12-07 11:29:06,095 - browser_actions - [browser_actions.py-->line:272] - ERROR: Message: element not interactable
  (Session info: chrome=96.0.4664.45)

!!--!!input_error - 2021-12-07 11:29:12,164 - browser_actions - [browser_actions.py-->line:225] - ERROR: Message: element not interactable
  (Session info: chrome=96.0.4664.45)

!!--!!click_error - 2021-12-07 11:29:17,748 - browser_actions - [browser_actions.py-->line:265] - ERROR: Message: element not interactable
  (Session info: chrome=96.0.4664.45)

!!--!!click_error - 2021-12-07 11:29:17,748 - browser_actions - [browser_actions.py-->line:265] - ERROR: Message: element not interactable
  (Session info: chrome=96.0.4664.45)

!!--!!click_error - 2021-12-07 11:29:17,748 - browser_actions - [browser_actions.py-->line:265] - ERROR: Message: element not interactable
  (Session info: chrome=96.0.4664.45)

!!--!!click_error - 2021-12-07 11:29:17,748 - browser_actions - [browser_actions.py-->line:265] - ERROR: Message: element not interactable
  (Session info: chrome=96.0.4664.45)

!!--!!click_error - 2021-12-07 11:29:17,748 - browser_actions - [browser_actions.py-->line:265] - ERROR: Message: element not interactable
  (Session info: chrome=96.0.4664.45)

!!--!!click_error - 2021-12-07 11:29:23,312 - browser_actions - [browser_actions.py-->line:265] - ERROR: 'NoneType' object has no attribute 'click'
!!--!!click_error - 2021-12-07 11:29:23,312 - browser_actions - [browser_actions.py-->line:265] - ERROR: 'NoneType' object has no attribute 'click'
!!--!!click_error - 2021-12-07 11:29:23,312 - browser_actions - [browser_actions.py-->line:265] - ERROR: 'NoneType' object has no attribute 'click'
!!--!!click_error - 2021-12-07 11:29:23,312 - browser_actions - [browser_actions.py-->line:265] - ERROR: 'NoneType' object has no attribute 'click'
!!--!!click_error - 2021-12-07 11:29:23,312 - browser_actions - [browser_actions.py-->line:265] - ERROR: 'NoneType' object has no attribute 'click'
!!--!!click_error - 2021-12-07 11:29:23,312 - browser_actions - [browser_actions.py-->line:265] - ERROR: 'NoneType' object has no attribute 'click'
!!--!!click_error - 2021-12-07 11:29:28,892 - browser_actions - [browser_actions.py-->line:265] - ERROR: Message: element not interactable
  (Session info: chrome=96.0.4664.45)

!!--!!click_error - 2021-12-07 11:29:28,892 - browser_actions - [browser_actions.py-->line:265] - ERROR: Message: element not interactable
  (Session info: chrome=96.0.4664.45)

!!--!!click_error - 2021-12-07 11:29:28,892 - browser_actions - [browser_actions.py-->line:265] - ERROR: Message: element not interactable
  (Session info: chrome=96.0.4664.45)

!!--!!click_error - 2021-12-07 11:29:28,892 - browser_actions - [browser_actions.py-->line:265] - ERROR: Message: element not interactable
  (Session info: chrome=96.0.4664.45)

!!--!!click_error - 2021-12-07 11:29:28,892 - browser_actions - [browser_actions.py-->line:265] - ERROR: Message: element not interactable
  (Session info: chrome=96.0.4664.45)

!!--!!click_error - 2021-12-07 11:29:28,892 - browser_actions - [browser_actions.py-->line:265] - ERROR: Message: element not interactable
  (Session info: chrome=96.0.4664.45)

!!--!!click_error - 2021-12-07 11:29:28,892 - browser_actions - [browser_actions.py-->line:265] - ERROR: Message: element not interactable
  (Session info: chrome=96.0.4664.45)

!!--!!find_elements - 2021-12-07 11:29:31,971 - browser_actions - [browser_actions.py-->line:92] - ERROR: 元素不存在或者不可见：Message: no such window: target window already closed
from unknown error: web view not found
  (Session info: chrome=96.0.4664.45)

!!--!!find_element - 2021-12-07 11:29:31,972 - browser_actions - [browser_actions.py-->line:139] - ERROR: object of type 'NoneType' has no len()
!!--!!clear_error - 2021-12-07 11:29:31,973 - browser_actions - [browser_actions.py-->line:242] - ERROR: 'NoneType' object has no attribute 'send_keys'
!!--!!clear_error - 2021-12-07 11:29:31,973 - browser_actions - [browser_actions.py-->line:242] - ERROR: 'NoneType' object has no attribute 'send_keys'
!!--!!find_elements - 2021-12-07 11:29:32,485 - browser_actions - [browser_actions.py-->line:92] - ERROR: 元素不存在或者不可见：Message: no such window: target window already closed
from unknown error: web view not found
  (Session info: chrome=96.0.4664.45)

!!--!!find_elements - 2021-12-07 11:29:32,485 - browser_actions - [browser_actions.py-->line:92] - ERROR: 元素不存在或者不可见：Message: no such window: target window already closed
from unknown error: web view not found
  (Session info: chrome=96.0.4664.45)

!!--!!find_element - 2021-12-07 11:29:32,487 - browser_actions - [browser_actions.py-->line:139] - ERROR: object of type 'NoneType' has no len()
!!--!!find_element - 2021-12-07 11:29:32,487 - browser_actions - [browser_actions.py-->line:139] - ERROR: object of type 'NoneType' has no len()
!!--!!input_error - 2021-12-07 11:29:32,487 - browser_actions - [browser_actions.py-->line:225] - ERROR: 'NoneType' object has no attribute 'send_keys'
!!--!!input_error - 2021-12-07 11:29:32,487 - browser_actions - [browser_actions.py-->line:225] - ERROR: 'NoneType' object has no attribute 'send_keys'
!!--!!find_elements - 2021-12-07 11:29:33,493 - browser_actions - [browser_actions.py-->line:92] - ERROR: 元素不存在或者不可见：Message: no such window: target window already closed
from unknown error: web view not found
  (Session info: chrome=96.0.4664.45)

!!--!!find_elements - 2021-12-07 11:29:33,493 - browser_actions - [browser_actions.py-->line:92] - ERROR: 元素不存在或者不可见：Message: no such window: target window already closed
from unknown error: web view not found
  (Session info: chrome=96.0.4664.45)

!!--!!find_elements - 2021-12-07 11:29:33,493 - browser_actions - [browser_actions.py-->line:92] - ERROR: 元素不存在或者不可见：Message: no such window: target window already closed
from unknown error: web view not found
  (Session info: chrome=96.0.4664.45)

!!--!!find_element - 2021-12-07 11:29:33,495 - browser_actions - [browser_actions.py-->line:139] - ERROR: object of type 'NoneType' has no len()
!!--!!find_element - 2021-12-07 11:29:33,495 - browser_actions - [browser_actions.py-->line:139] - ERROR: object of type 'NoneType' has no len()
!!--!!find_element - 2021-12-07 11:29:33,495 - browser_actions - [browser_actions.py-->line:139] - ERROR: object of type 'NoneType' has no len()
!!--!!click_error - 2021-12-07 11:29:33,496 - browser_actions - [browser_actions.py-->line:265] - ERROR: 'NoneType' object has no attribute 'click'
!!--!!click_error - 2021-12-07 11:29:33,496 - browser_actions - [browser_actions.py-->line:265] - ERROR: 'NoneType' object has no attribute 'click'
!!--!!click_error - 2021-12-07 11:29:33,496 - browser_actions - [browser_actions.py-->line:265] - ERROR: 'NoneType' object has no attribute 'click'
!!--!!click_error - 2021-12-07 11:29:33,496 - browser_actions - [browser_actions.py-->line:265] - ERROR: 'NoneType' object has no attribute 'click'
!!--!!click_error - 2021-12-07 11:29:33,496 - browser_actions - [browser_actions.py-->line:265] - ERROR: 'NoneType' object has no attribute 'click'
!!--!!click_error - 2021-12-07 11:29:33,496 - browser_actions - [browser_actions.py-->line:265] - ERROR: 'NoneType' object has no attribute 'click'
!!--!!click_error - 2021-12-07 11:29:33,496 - browser_actions - [browser_actions.py-->line:265] - ERROR: 'NoneType' object has no attribute 'click'
!!--!!click_error - 2021-12-07 11:29:33,496 - browser_actions - [browser_actions.py-->line:265] - ERROR: 'NoneType' object has no attribute 'click'
!!--!!find_elements - 2021-12-07 11:29:35,501 - browser_actions - [browser_actions.py-->line:92] - ERROR: 元素不存在或者不可见：Message: no such window: target window already closed
from unknown error: web view not found
  (Session info: chrome=96.0.4664.45)

!!--!!find_elements - 2021-12-07 11:29:35,501 - browser_actions - [browser_actions.py-->line:92] - ERROR: 元素不存在或者不可见：Message: no such window: target window already closed
from unknown error: web view not found
  (Session info: chrome=96.0.4664.45)

!!--!!find_elements - 2021-12-07 11:29:35,501 - browser_actions - [browser_actions.py-->line:92] - ERROR: 元素不存在或者不可见：Message: no such window: target window already closed
from unknown error: web view not found
  (Session info: chrome=96.0.4664.45)

!!--!!find_elements - 2021-12-07 11:29:35,501 - browser_actions - [browser_actions.py-->line:92] - ERROR: 元素不存在或者不可见：Message: no such window: target window already closed
from unknown error: web view not found
  (Session info: chrome=96.0.4664.45)

!!--!!find_element - 2021-12-07 11:29:35,504 - browser_actions - [browser_actions.py-->line:139] - ERROR: object of type 'NoneType' has no len()
!!--!!find_element - 2021-12-07 11:29:35,504 - browser_actions - [browser_actions.py-->line:139] - ERROR: object of type 'NoneType' has no len()
!!--!!find_element - 2021-12-07 11:29:35,504 - browser_actions - [browser_actions.py-->line:139] - ERROR: object of type 'NoneType' has no len()
!!--!!find_element - 2021-12-07 11:29:35,504 - browser_actions - [browser_actions.py-->line:139] - ERROR: object of type 'NoneType' has no len()
!!--!!click_error - 2021-12-07 11:29:35,505 - browser_actions - [browser_actions.py-->line:265] - ERROR: 'NoneType' object has no attribute 'click'
!!--!!click_error - 2021-12-07 11:29:35,505 - browser_actions - [browser_actions.py-->line:265] - ERROR: 'NoneType' object has no attribute 'click'
!!--!!click_error - 2021-12-07 11:29:35,505 - browser_actions - [browser_actions.py-->line:265] - ERROR: 'NoneType' object has no attribute 'click'
!!--!!click_error - 2021-12-07 11:29:35,505 - browser_actions - [browser_actions.py-->line:265] - ERROR: 'NoneType' object has no attribute 'click'
!!--!!click_error - 2021-12-07 11:29:35,505 - browser_actions - [browser_actions.py-->line:265] - ERROR: 'NoneType' object has no attribute 'click'
!!--!!click_error - 2021-12-07 11:29:35,505 - browser_actions - [browser_actions.py-->line:265] - ERROR: 'NoneType' object has no attribute 'click'
!!--!!click_error - 2021-12-07 11:29:35,505 - browser_actions - [browser_actions.py-->line:265] - ERROR: 'NoneType' object has no attribute 'click'
!!--!!click_error - 2021-12-07 11:29:35,505 - browser_actions - [browser_actions.py-->line:265] - ERROR: 'NoneType' object has no attribute 'click'
!!--!!click_error - 2021-12-07 11:29:35,505 - browser_actions - [browser_actions.py-->line:265] - ERROR: 'NoneType' object has no attribute 'click'
!!--!!js_scroll - 2021-12-07 11:29:37,527 - browser_actions - [browser_actions.py-->line:435] - ERROR: Message: no such window: target window already closed
from unknown error: web view not found
  (Session info: chrome=96.0.4664.45)

!!--!!find_elements - 2021-12-07 11:45:46,357 - browser_actions - [browser_actions.py-->line:92] - ERROR: 元素不存在或者不可见：Message: no such window: target window already closed
from unknown error: web view not found
  (Session info: chrome=96.0.4664.45)

!!--!!find_element - 2021-12-07 11:45:46,358 - browser_actions - [browser_actions.py-->line:139] - ERROR: object of type 'NoneType' has no len()
!!--!!clear_error - 2021-12-07 11:45:46,359 - browser_actions - [browser_actions.py-->line:242] - ERROR: 'NoneType' object has no attribute 'send_keys'
!!--!!find_elements - 2021-12-07 11:45:46,862 - browser_actions - [browser_actions.py-->line:92] - ERROR: 元素不存在或者不可见：Message: no such window: target window already closed
from unknown error: web view not found
  (Session info: chrome=96.0.4664.45)

!!--!!find_elements - 2021-12-07 11:45:46,862 - browser_actions - [browser_actions.py-->line:92] - ERROR: 元素不存在或者不可见：Message: no such window: target window already closed
from unknown error: web view not found
  (Session info: chrome=96.0.4664.45)

!!--!!find_element - 2021-12-07 11:45:46,864 - browser_actions - [browser_actions.py-->line:139] - ERROR: object of type 'NoneType' has no len()
!!--!!find_element - 2021-12-07 11:45:46,864 - browser_actions - [browser_actions.py-->line:139] - ERROR: object of type 'NoneType' has no len()
!!--!!input_error - 2021-12-07 11:45:46,865 - browser_actions - [browser_actions.py-->line:225] - ERROR: 'NoneType' object has no attribute 'send_keys'
!!--!!find_elements - 2021-12-07 11:45:47,873 - browser_actions - [browser_actions.py-->line:92] - ERROR: 元素不存在或者不可见：Message: no such window: target window already closed
from unknown error: web view not found
  (Session info: chrome=96.0.4664.45)

!!--!!find_elements - 2021-12-07 11:45:47,873 - browser_actions - [browser_actions.py-->line:92] - ERROR: 元素不存在或者不可见：Message: no such window: target window already closed
from unknown error: web view not found
  (Session info: chrome=96.0.4664.45)

!!--!!find_elements - 2021-12-07 11:45:47,873 - browser_actions - [browser_actions.py-->line:92] - ERROR: 元素不存在或者不可见：Message: no such window: target window already closed
from unknown error: web view not found
  (Session info: chrome=96.0.4664.45)

!!--!!find_element - 2021-12-07 11:45:47,876 - browser_actions - [browser_actions.py-->line:139] - ERROR: object of type 'NoneType' has no len()
!!--!!find_element - 2021-12-07 11:45:47,876 - browser_actions - [browser_actions.py-->line:139] - ERROR: object of type 'NoneType' has no len()
!!--!!find_element - 2021-12-07 11:45:47,876 - browser_actions - [browser_actions.py-->line:139] - ERROR: object of type 'NoneType' has no len()
!!--!!click_error - 2021-12-07 11:45:47,877 - browser_actions - [browser_actions.py-->line:265] - ERROR: 'NoneType' object has no attribute 'click'
!!--!!find_elements - 2021-12-07 11:45:49,892 - browser_actions - [browser_actions.py-->line:92] - ERROR: 元素不存在或者不可见：Message: no such window: target window already closed
from unknown error: web view not found
  (Session info: chrome=96.0.4664.45)

!!--!!find_elements - 2021-12-07 11:45:49,892 - browser_actions - [browser_actions.py-->line:92] - ERROR: 元素不存在或者不可见：Message: no such window: target window already closed
from unknown error: web view not found
  (Session info: chrome=96.0.4664.45)

!!--!!find_elements - 2021-12-07 11:45:49,892 - browser_actions - [browser_actions.py-->line:92] - ERROR: 元素不存在或者不可见：Message: no such window: target window already closed
from unknown error: web view not found
  (Session info: chrome=96.0.4664.45)

!!--!!find_elements - 2021-12-07 11:45:49,892 - browser_actions - [browser_actions.py-->line:92] - ERROR: 元素不存在或者不可见：Message: no such window: target window already closed
from unknown error: web view not found
  (Session info: chrome=96.0.4664.45)

!!--!!find_element - 2021-12-07 11:45:49,895 - browser_actions - [browser_actions.py-->line:139] - ERROR: object of type 'NoneType' has no len()
!!--!!find_element - 2021-12-07 11:45:49,895 - browser_actions - [browser_actions.py-->line:139] - ERROR: object of type 'NoneType' has no len()
!!--!!find_element - 2021-12-07 11:45:49,895 - browser_actions - [browser_actions.py-->line:139] - ERROR: object of type 'NoneType' has no len()
!!--!!find_element - 2021-12-07 11:45:49,895 - browser_actions - [browser_actions.py-->line:139] - ERROR: object of type 'NoneType' has no len()
!!--!!click_error - 2021-12-07 11:45:49,897 - browser_actions - [browser_actions.py-->line:265] - ERROR: 'NoneType' object has no attribute 'click'
!!--!!click_error - 2021-12-07 11:45:49,897 - browser_actions - [browser_actions.py-->line:265] - ERROR: 'NoneType' object has no attribute 'click'
!!--!!js_scroll - 2021-12-07 11:45:51,917 - browser_actions - [browser_actions.py-->line:435] - ERROR: Message: no such window: target window already closed
from unknown error: web view not found
  (Session info: chrome=96.0.4664.45)

!!--!!display_finds_element - 2021-12-07 11:45:52,932 - browser_actions - [browser_actions.py-->line:125] - ERROR: 元素不存在或者不可见：Message: no such window: target window already closed
from unknown error: web view not found
  (Session info: chrome=96.0.4664.45)

!!--!!nosuch_elements - 2021-12-07 11:45:52,933 - browser_actions - [browser_actions.py-->line:152] - ERROR: object of type 'NoneType' has no len()
!!--!!display_click - 2021-12-07 11:45:52,934 - browser_actions - [browser_actions.py-->line:272] - ERROR: 'NoneType' object has no attribute 'click'
!!--!!display_finds_element - 2021-12-07 11:45:53,944 - browser_actions - [browser_actions.py-->line:125] - ERROR: 元素不存在或者不可见：Message: no such window: target window already closed
from unknown error: web view not found
  (Session info: chrome=96.0.4664.45)

!!--!!display_finds_element - 2021-12-07 11:45:53,944 - browser_actions - [browser_actions.py-->line:125] - ERROR: 元素不存在或者不可见：Message: no such window: target window already closed
from unknown error: web view not found
  (Session info: chrome=96.0.4664.45)

!!--!!nosuch_elements - 2021-12-07 11:45:53,946 - browser_actions - [browser_actions.py-->line:152] - ERROR: object of type 'NoneType' has no len()
!!--!!nosuch_elements - 2021-12-07 11:45:53,946 - browser_actions - [browser_actions.py-->line:152] - ERROR: object of type 'NoneType' has no len()
!!--!!display_click - 2021-12-07 11:45:53,947 - browser_actions - [browser_actions.py-->line:272] - ERROR: 'NoneType' object has no attribute 'click'
!!--!!display_click - 2021-12-07 11:45:53,947 - browser_actions - [browser_actions.py-->line:272] - ERROR: 'NoneType' object has no attribute 'click'
!!--!!display_finds_element - 2021-12-07 11:45:53,949 - browser_actions - [browser_actions.py-->line:125] - ERROR: 元素不存在或者不可见：Message: no such window: target window already closed
from unknown error: web view not found
  (Session info: chrome=96.0.4664.45)

!!--!!display_finds_element - 2021-12-07 11:45:53,949 - browser_actions - [browser_actions.py-->line:125] - ERROR: 元素不存在或者不可见：Message: no such window: target window already closed
from unknown error: web view not found
  (Session info: chrome=96.0.4664.45)

!!--!!display_finds_element - 2021-12-07 11:45:53,949 - browser_actions - [browser_actions.py-->line:125] - ERROR: 元素不存在或者不可见：Message: no such window: target window already closed
from unknown error: web view not found
  (Session info: chrome=96.0.4664.45)

!!--!!nosuch_elements - 2021-12-07 11:45:53,951 - browser_actions - [browser_actions.py-->line:152] - ERROR: object of type 'NoneType' has no len()
!!--!!nosuch_elements - 2021-12-07 11:45:53,951 - browser_actions - [browser_actions.py-->line:152] - ERROR: object of type 'NoneType' has no len()
!!--!!nosuch_elements - 2021-12-07 11:45:53,951 - browser_actions - [browser_actions.py-->line:152] - ERROR: object of type 'NoneType' has no len()
!!--!!get_attributes - 2021-12-07 11:45:53,952 - browser_actions - [browser_actions.py-->line:162] - ERROR: 'NoneType' object has no attribute 'get_attribute'
!!--!!display_finds_element - 2021-12-07 11:45:53,955 - browser_actions - [browser_actions.py-->line:125] - ERROR: 元素不存在或者不可见：Message: no such window: target window already closed
from unknown error: web view not found
  (Session info: chrome=96.0.4664.45)

!!--!!display_finds_element - 2021-12-07 11:45:53,955 - browser_actions - [browser_actions.py-->line:125] - ERROR: 元素不存在或者不可见：Message: no such window: target window already closed
from unknown error: web view not found
  (Session info: chrome=96.0.4664.45)

!!--!!display_finds_element - 2021-12-07 11:45:53,955 - browser_actions - [browser_actions.py-->line:125] - ERROR: 元素不存在或者不可见：Message: no such window: target window already closed
from unknown error: web view not found
  (Session info: chrome=96.0.4664.45)

!!--!!display_finds_element - 2021-12-07 11:45:53,955 - browser_actions - [browser_actions.py-->line:125] - ERROR: 元素不存在或者不可见：Message: no such window: target window already closed
from unknown error: web view not found
  (Session info: chrome=96.0.4664.45)

!!--!!nosuch_elements - 2021-12-07 11:45:53,957 - browser_actions - [browser_actions.py-->line:152] - ERROR: object of type 'NoneType' has no len()
!!--!!nosuch_elements - 2021-12-07 11:45:53,957 - browser_actions - [browser_actions.py-->line:152] - ERROR: object of type 'NoneType' has no len()
!!--!!nosuch_elements - 2021-12-07 11:45:53,957 - browser_actions - [browser_actions.py-->line:152] - ERROR: object of type 'NoneType' has no len()
!!--!!nosuch_elements - 2021-12-07 11:45:53,957 - browser_actions - [browser_actions.py-->line:152] - ERROR: object of type 'NoneType' has no len()
!!--!!get_attributes - 2021-12-07 11:45:53,959 - browser_actions - [browser_actions.py-->line:162] - ERROR: 'NoneType' object has no attribute 'get_attribute'
!!--!!get_attributes - 2021-12-07 11:45:53,959 - browser_actions - [browser_actions.py-->line:162] - ERROR: 'NoneType' object has no attribute 'get_attribute'
