!!--!!display_finds_element - 2021-08-30 17:41:22,979 - browser_actions - [browser_actions.py-->line:117] - ERROR: 元素不存在或者不可见：Message: 

!!--!!nosuch_elements - 2021-08-30 17:41:22,986 - browser_actions - [browser_actions.py-->line:144] - ERROR: object of type 'NoneType' has no len()
!!--!!display_click - 2021-08-30 17:41:22,988 - browser_actions - [browser_actions.py-->line:261] - ERROR: 'NoneType' object has no attribute 'click'
!!--!!display_finds_element - 2021-08-30 17:41:30,514 - browser_actions - [browser_actions.py-->line:117] - ERROR: 元素不存在或者不可见：Message: 

!!--!!display_finds_element - 2021-08-30 17:41:30,514 - browser_actions - [browser_actions.py-->line:117] - ERROR: 元素不存在或者不可见：Message: 

!!--!!nosuch_elements - 2021-08-30 17:41:30,524 - browser_actions - [browser_actions.py-->line:144] - ERROR: object of type 'NoneType' has no len()
!!--!!nosuch_elements - 2021-08-30 17:41:30,524 - browser_actions - [browser_actions.py-->line:144] - ERROR: object of type 'NoneType' has no len()
!!--!!display_click - 2021-08-30 17:41:30,527 - browser_actions - [browser_actions.py-->line:261] - ERROR: 'NoneType' object has no attribute 'click'
!!--!!display_click - 2021-08-30 17:41:30,527 - browser_actions - [browser_actions.py-->line:261] - ERROR: 'NoneType' object has no attribute 'click'
!!--!!get_attributes - 2021-08-30 17:48:25,705 - browser_actions - [browser_actions.py-->line:151] - ERROR: Message: stale element reference: element is not attached to the page document
  (Session info: chrome=92.0.4515.159)

!!--!!display_finds_element - 2021-08-30 17:48:33,263 - browser_actions - [browser_actions.py-->line:117] - ERROR: 元素不存在或者不可见：Message: 

!!--!!nosuch_elements - 2021-08-30 17:48:33,265 - browser_actions - [browser_actions.py-->line:144] - ERROR: object of type 'NoneType' has no len()
!!--!!display_get_text - 2021-08-30 17:48:33,267 - browser_actions - [browser_actions.py-->line:245] - ERROR: 'NoneType' object has no attribute 'text'
!!--!!display_finds_element - 2021-08-30 18:19:10,795 - browser_actions - [browser_actions.py-->line:117] - ERROR: 元素不存在或者不可见：Message: 

!!--!!nosuch_elements - 2021-08-30 18:19:10,799 - browser_actions - [browser_actions.py-->line:144] - ERROR: object of type 'NoneType' has no len()
!!--!!display_click - 2021-08-30 18:19:10,800 - browser_actions - [browser_actions.py-->line:261] - ERROR: 'NoneType' object has no attribute 'click'
!!--!!display_finds_element - 2021-08-30 18:22:18,123 - browser_actions - [browser_actions.py-->line:117] - ERROR: 元素不存在或者不可见：Message: 

!!--!!nosuch_elements - 2021-08-30 18:22:18,127 - browser_actions - [browser_actions.py-->line:144] - ERROR: object of type 'NoneType' has no len()
!!--!!display_click - 2021-08-30 18:22:18,129 - browser_actions - [browser_actions.py-->line:261] - ERROR: 'NoneType' object has no attribute 'click'
!!--!!get_attributes - 2021-08-30 18:29:24,476 - browser_actions - [browser_actions.py-->line:151] - ERROR: Message: stale element reference: element is not attached to the page document
  (Session info: chrome=92.0.4515.159)

!!--!!display_finds_element - 2021-08-30 18:29:32,011 - browser_actions - [browser_actions.py-->line:117] - ERROR: 元素不存在或者不可见：Message: 

!!--!!nosuch_elements - 2021-08-30 18:29:32,011 - browser_actions - [browser_actions.py-->line:144] - ERROR: object of type 'NoneType' has no len()
!!--!!display_get_text - 2021-08-30 18:29:32,016 - browser_actions - [browser_actions.py-->line:245] - ERROR: 'NoneType' object has no attribute 'text'
