!!--!!display_click - 2022-04-06 10:56:36,065 - browser_actions - [browser_actions.py-->line:318] - ERROR: Message: element click intercepted: Element <span data-v-ab84b692="" class="menu-font">...</span> is not clickable at point (99, 515). Other element would receive the click: <span data-v-ab84b692="" class="menu-font">...</span>
  (Session info: chrome=99.0.4844.84)

!!--!!display_finds_element - 2022-04-06 10:56:42,134 - browser_actions - [browser_actions.py-->line:175] - ERROR: 元素不存在或者不可见：Message: 

!!--!!nosuch_elements - 2022-04-06 10:56:42,140 - browser_actions - [browser_actions.py-->line:202] - ERROR: object of type 'NoneType' has no len()
!!--!!display_click - 2022-04-06 10:56:42,144 - browser_actions - [browser_actions.py-->line:318] - ERROR: 'NoneType' object has no attribute 'click'
!!--!!display_click - 2022-04-06 10:56:42,144 - browser_actions - [browser_actions.py-->line:318] - ERROR: 'NoneType' object has no attribute 'click'
!!--!!display_finds_element - 2022-04-06 10:56:48,799 - browser_actions - [browser_actions.py-->line:175] - ERROR: 元素不存在或者不可见：Message: 

!!--!!display_finds_element - 2022-04-06 10:56:48,799 - browser_actions - [browser_actions.py-->line:175] - ERROR: 元素不存在或者不可见：Message: 

!!--!!nosuch_elements - 2022-04-06 10:56:48,805 - browser_actions - [browser_actions.py-->line:202] - ERROR: object of type 'NoneType' has no len()
!!--!!nosuch_elements - 2022-04-06 10:56:48,805 - browser_actions - [browser_actions.py-->line:202] - ERROR: object of type 'NoneType' has no len()
!!--!!display_click - 2022-04-06 10:56:48,809 - browser_actions - [browser_actions.py-->line:318] - ERROR: 'NoneType' object has no attribute 'click'
!!--!!display_click - 2022-04-06 10:56:48,809 - browser_actions - [browser_actions.py-->line:318] - ERROR: 'NoneType' object has no attribute 'click'
!!--!!display_click - 2022-04-06 10:56:48,809 - browser_actions - [browser_actions.py-->line:318] - ERROR: 'NoneType' object has no attribute 'click'
!!--!!display_finds_element - 2022-04-06 14:28:00,334 - browser_actions - [browser_actions.py-->line:175] - ERROR: 元素不存在或者不可见：Message: 

!!--!!nosuch_elements - 2022-04-06 14:28:00,340 - browser_actions - [browser_actions.py-->line:202] - ERROR: object of type 'NoneType' has no len()
!!--!!display_click - 2022-04-06 14:28:00,343 - browser_actions - [browser_actions.py-->line:318] - ERROR: 'NoneType' object has no attribute 'click'
!!--!!display_finds_element - 2022-04-06 14:28:06,990 - browser_actions - [browser_actions.py-->line:175] - ERROR: 元素不存在或者不可见：Message: 

!!--!!display_finds_element - 2022-04-06 14:28:06,990 - browser_actions - [browser_actions.py-->line:175] - ERROR: 元素不存在或者不可见：Message: 

!!--!!nosuch_elements - 2022-04-06 14:28:06,990 - browser_actions - [browser_actions.py-->line:202] - ERROR: object of type 'NoneType' has no len()
!!--!!nosuch_elements - 2022-04-06 14:28:06,990 - browser_actions - [browser_actions.py-->line:202] - ERROR: object of type 'NoneType' has no len()
!!--!!display_click - 2022-04-06 14:28:07,003 - browser_actions - [browser_actions.py-->line:318] - ERROR: 'NoneType' object has no attribute 'click'
!!--!!display_click - 2022-04-06 14:28:07,003 - browser_actions - [browser_actions.py-->line:318] - ERROR: 'NoneType' object has no attribute 'click'
