!!--!!driver_name - 2022-03-09 16:17:03,061 - browser_actions - [browser_actions.py-->line:105] - ERROR: 启动浏览器异常Message: session not created: This version of ChromeDriver only supports Chrome version 85

!!--!!url_error - 2022-03-09 16:17:03,237 - browser_actions - [browser_actions.py-->line:113] - WARNING: 请输入正确的域名
!!--!!choose_bos_lang - 2022-03-09 16:17:04,308 - common_method - [common_method.py-->line:124] - ERROR: 'SessionNotCreatedException' object has no attribute 'find_element_by_css_selector'
!!--!!login_bos - 2022-03-09 16:17:04,423 - common_method - [common_method.py-->line:141] - ERROR: 'SessionNotCreatedException' object has no attribute 'find_elements_by_css_selector'
!!--!!display_finds_element - 2022-03-09 16:17:05,536 - browser_actions - [browser_actions.py-->line:175] - ERROR: 元素不存在或者不可见：'Commonweb' object has no attribute 'driver'
!!--!!nosuch_elements - 2022-03-09 16:17:05,573 - browser_actions - [browser_actions.py-->line:202] - ERROR: object of type 'NoneType' has no len()
!!--!!display_click - 2022-03-09 16:17:05,580 - browser_actions - [browser_actions.py-->line:318] - ERROR: 'NoneType' object has no attribute 'click'
!!--!!display_finds_element - 2022-03-09 16:17:06,232 - browser_actions - [browser_actions.py-->line:175] - ERROR: 元素不存在或者不可见：'Commonweb' object has no attribute 'driver'
!!--!!display_finds_element - 2022-03-09 16:17:06,232 - browser_actions - [browser_actions.py-->line:175] - ERROR: 元素不存在或者不可见：'Commonweb' object has no attribute 'driver'
!!--!!nosuch_elements - 2022-03-09 16:17:06,297 - browser_actions - [browser_actions.py-->line:202] - ERROR: object of type 'NoneType' has no len()
!!--!!nosuch_elements - 2022-03-09 16:17:06,297 - browser_actions - [browser_actions.py-->line:202] - ERROR: object of type 'NoneType' has no len()
!!--!!display_click - 2022-03-09 16:17:06,324 - browser_actions - [browser_actions.py-->line:318] - ERROR: 'NoneType' object has no attribute 'click'
!!--!!display_click - 2022-03-09 16:17:06,324 - browser_actions - [browser_actions.py-->line:318] - ERROR: 'NoneType' object has no attribute 'click'
!!--!!display_finds_element - 2022-03-09 16:17:07,350 - browser_actions - [browser_actions.py-->line:175] - ERROR: 元素不存在或者不可见：'Commonweb' object has no attribute 'driver'
!!--!!display_finds_element - 2022-03-09 16:17:07,350 - browser_actions - [browser_actions.py-->line:175] - ERROR: 元素不存在或者不可见：'Commonweb' object has no attribute 'driver'
!!--!!display_finds_element - 2022-03-09 16:17:07,350 - browser_actions - [browser_actions.py-->line:175] - ERROR: 元素不存在或者不可见：'Commonweb' object has no attribute 'driver'
!!--!!nosuch_elements - 2022-03-09 16:17:07,431 - browser_actions - [browser_actions.py-->line:202] - ERROR: object of type 'NoneType' has no len()
!!--!!nosuch_elements - 2022-03-09 16:17:07,431 - browser_actions - [browser_actions.py-->line:202] - ERROR: object of type 'NoneType' has no len()
!!--!!nosuch_elements - 2022-03-09 16:17:07,431 - browser_actions - [browser_actions.py-->line:202] - ERROR: object of type 'NoneType' has no len()
!!--!!display_click - 2022-03-09 16:17:07,451 - browser_actions - [browser_actions.py-->line:318] - ERROR: 'NoneType' object has no attribute 'click'
!!--!!display_click - 2022-03-09 16:17:07,451 - browser_actions - [browser_actions.py-->line:318] - ERROR: 'NoneType' object has no attribute 'click'
!!--!!display_click - 2022-03-09 16:17:07,451 - browser_actions - [browser_actions.py-->line:318] - ERROR: 'NoneType' object has no attribute 'click'
!!--!!display_finds_element - 2022-03-09 16:17:07,965 - browser_actions - [browser_actions.py-->line:175] - ERROR: 元素不存在或者不可见：'Commonweb' object has no attribute 'driver'
!!--!!display_finds_element - 2022-03-09 16:17:07,965 - browser_actions - [browser_actions.py-->line:175] - ERROR: 元素不存在或者不可见：'Commonweb' object has no attribute 'driver'
!!--!!display_finds_element - 2022-03-09 16:17:07,965 - browser_actions - [browser_actions.py-->line:175] - ERROR: 元素不存在或者不可见：'Commonweb' object has no attribute 'driver'
!!--!!display_finds_element - 2022-03-09 16:17:07,965 - browser_actions - [browser_actions.py-->line:175] - ERROR: 元素不存在或者不可见：'Commonweb' object has no attribute 'driver'
!!--!!nosuch_elements - 2022-03-09 16:17:07,969 - browser_actions - [browser_actions.py-->line:202] - ERROR: object of type 'NoneType' has no len()
!!--!!nosuch_elements - 2022-03-09 16:17:07,969 - browser_actions - [browser_actions.py-->line:202] - ERROR: object of type 'NoneType' has no len()
!!--!!nosuch_elements - 2022-03-09 16:17:07,969 - browser_actions - [browser_actions.py-->line:202] - ERROR: object of type 'NoneType' has no len()
!!--!!nosuch_elements - 2022-03-09 16:17:07,969 - browser_actions - [browser_actions.py-->line:202] - ERROR: object of type 'NoneType' has no len()
!!--!!display_click - 2022-03-09 16:17:07,972 - browser_actions - [browser_actions.py-->line:318] - ERROR: 'NoneType' object has no attribute 'click'
!!--!!display_click - 2022-03-09 16:17:07,972 - browser_actions - [browser_actions.py-->line:318] - ERROR: 'NoneType' object has no attribute 'click'
!!--!!display_click - 2022-03-09 16:17:07,972 - browser_actions - [browser_actions.py-->line:318] - ERROR: 'NoneType' object has no attribute 'click'
!!--!!display_click - 2022-03-09 16:17:07,972 - browser_actions - [browser_actions.py-->line:318] - ERROR: 'NoneType' object has no attribute 'click'
