!!--!!driver_name - 2022-04-28 16:51:57,925 - browser_actions - [browser_actions.py-->line:105] - ERROR: 启动浏览器异常Message: session not created: This version of ChromeDriver only supports Chrome version 99
Current browser version is 101.0.4951.41 with binary path C:\Program Files\Google\Chrome\Application\chrome.exe

!!--!!url_error - 2022-04-28 16:51:57,932 - browser_actions - [browser_actions.py-->line:113] - WARNING: 请输入正确的域名
!!--!!choose_bos_lang - 2022-04-28 16:51:58,948 - common_method - [common_method.py-->line:124] - ERROR: 'SessionNotCreatedException' object has no attribute 'find_element_by_css_selector'
!!--!!login_bos - 2022-04-28 16:51:58,951 - common_method - [common_method.py-->line:141] - ERROR: 'SessionNotCreatedException' object has no attribute 'find_elements_by_css_selector'
!!--!!display_finds_element - 2022-04-28 16:52:00,160 - browser_actions - [browser_actions.py-->line:175] - ERROR: 元素不存在或者不可见：'Commonweb' object has no attribute 'driver'
!!--!!nosuch_elements - 2022-04-28 16:52:00,242 - browser_actions - [browser_actions.py-->line:202] - ERROR: object of type 'NoneType' has no len()
!!--!!display_click - 2022-04-28 16:52:00,312 - browser_actions - [browser_actions.py-->line:318] - ERROR: 'NoneType' object has no attribute 'click'
!!--!!display_finds_element - 2022-04-28 16:52:00,909 - browser_actions - [browser_actions.py-->line:175] - ERROR: 元素不存在或者不可见：'Commonweb' object has no attribute 'driver'
!!--!!display_finds_element - 2022-04-28 16:52:00,909 - browser_actions - [browser_actions.py-->line:175] - ERROR: 元素不存在或者不可见：'Commonweb' object has no attribute 'driver'
!!--!!nosuch_elements - 2022-04-28 16:52:00,945 - browser_actions - [browser_actions.py-->line:202] - ERROR: object of type 'NoneType' has no len()
!!--!!nosuch_elements - 2022-04-28 16:52:00,945 - browser_actions - [browser_actions.py-->line:202] - ERROR: object of type 'NoneType' has no len()
!!--!!display_click - 2022-04-28 16:52:01,040 - browser_actions - [browser_actions.py-->line:318] - ERROR: 'NoneType' object has no attribute 'click'
!!--!!display_click - 2022-04-28 16:52:01,040 - browser_actions - [browser_actions.py-->line:318] - ERROR: 'NoneType' object has no attribute 'click'
!!--!!display_finds_element - 2022-04-28 16:52:02,177 - browser_actions - [browser_actions.py-->line:175] - ERROR: 元素不存在或者不可见：'Commonweb' object has no attribute 'driver'
!!--!!display_finds_element - 2022-04-28 16:52:02,177 - browser_actions - [browser_actions.py-->line:175] - ERROR: 元素不存在或者不可见：'Commonweb' object has no attribute 'driver'
!!--!!display_finds_element - 2022-04-28 16:52:02,177 - browser_actions - [browser_actions.py-->line:175] - ERROR: 元素不存在或者不可见：'Commonweb' object has no attribute 'driver'
!!--!!nosuch_elements - 2022-04-28 16:52:02,247 - browser_actions - [browser_actions.py-->line:202] - ERROR: object of type 'NoneType' has no len()
!!--!!nosuch_elements - 2022-04-28 16:52:02,247 - browser_actions - [browser_actions.py-->line:202] - ERROR: object of type 'NoneType' has no len()
!!--!!nosuch_elements - 2022-04-28 16:52:02,247 - browser_actions - [browser_actions.py-->line:202] - ERROR: object of type 'NoneType' has no len()
!!--!!display_click - 2022-04-28 16:52:02,253 - browser_actions - [browser_actions.py-->line:318] - ERROR: 'NoneType' object has no attribute 'click'
!!--!!display_click - 2022-04-28 16:52:02,253 - browser_actions - [browser_actions.py-->line:318] - ERROR: 'NoneType' object has no attribute 'click'
!!--!!display_click - 2022-04-28 16:52:02,253 - browser_actions - [browser_actions.py-->line:318] - ERROR: 'NoneType' object has no attribute 'click'
!!--!!display_finds_element - 2022-04-28 16:52:02,869 - browser_actions - [browser_actions.py-->line:175] - ERROR: 元素不存在或者不可见：'Commonweb' object has no attribute 'driver'
!!--!!display_finds_element - 2022-04-28 16:52:02,869 - browser_actions - [browser_actions.py-->line:175] - ERROR: 元素不存在或者不可见：'Commonweb' object has no attribute 'driver'
!!--!!display_finds_element - 2022-04-28 16:52:02,869 - browser_actions - [browser_actions.py-->line:175] - ERROR: 元素不存在或者不可见：'Commonweb' object has no attribute 'driver'
!!--!!display_finds_element - 2022-04-28 16:52:02,869 - browser_actions - [browser_actions.py-->line:175] - ERROR: 元素不存在或者不可见：'Commonweb' object has no attribute 'driver'
!!--!!nosuch_elements - 2022-04-28 16:52:03,177 - browser_actions - [browser_actions.py-->line:202] - ERROR: object of type 'NoneType' has no len()
!!--!!nosuch_elements - 2022-04-28 16:52:03,177 - browser_actions - [browser_actions.py-->line:202] - ERROR: object of type 'NoneType' has no len()
!!--!!nosuch_elements - 2022-04-28 16:52:03,177 - browser_actions - [browser_actions.py-->line:202] - ERROR: object of type 'NoneType' has no len()
!!--!!nosuch_elements - 2022-04-28 16:52:03,177 - browser_actions - [browser_actions.py-->line:202] - ERROR: object of type 'NoneType' has no len()
!!--!!display_click - 2022-04-28 16:52:03,202 - browser_actions - [browser_actions.py-->line:318] - ERROR: 'NoneType' object has no attribute 'click'
!!--!!display_click - 2022-04-28 16:52:03,202 - browser_actions - [browser_actions.py-->line:318] - ERROR: 'NoneType' object has no attribute 'click'
!!--!!display_click - 2022-04-28 16:52:03,202 - browser_actions - [browser_actions.py-->line:318] - ERROR: 'NoneType' object has no attribute 'click'
!!--!!display_click - 2022-04-28 16:52:03,202 - browser_actions - [browser_actions.py-->line:318] - ERROR: 'NoneType' object has no attribute 'click'
