!!--!!choose_bos_lang - 2022-01-13 14:44:47,531 - common_method - [common_method.py-->line:124] - ERROR: Message: no such element: Unable to locate element: {"method":"css selector","selector":".ivu-icon-ios-arrow-down"}
  (Session info: chrome=96.0.4664.110)

!!--!!choose_bos_lang - 2022-01-13 14:45:59,758 - common_method - [common_method.py-->line:124] - ERROR: 'NoneType' object has no attribute 'click'
!!--!!login_bos - 2022-01-13 14:45:59,762 - common_method - [common_method.py-->line:141] - ERROR: Message: no such window: target window already closed
from unknown error: web view not found
  (Session info: chrome=96.0.4664.110)

!!--!!display_finds_element - 2022-01-13 14:46:00,778 - browser_actions - [browser_actions.py-->line:153] - ERROR: 元素不存在或者不可见：Message: no such window: target window already closed
from unknown error: web view not found
  (Session info: chrome=96.0.4664.110)

!!--!!nosuch_elements - 2022-01-13 14:46:00,779 - browser_actions - [browser_actions.py-->line:180] - ERROR: object of type 'NoneType' has no len()
!!--!!display_click - 2022-01-13 14:46:00,780 - browser_actions - [browser_actions.py-->line:296] - ERROR: 'NoneType' object has no attribute 'click'
!!--!!display_finds_element - 2022-01-13 14:46:01,290 - browser_actions - [browser_actions.py-->line:153] - ERROR: 元素不存在或者不可见：Message: no such window: target window already closed
from unknown error: web view not found
  (Session info: chrome=96.0.4664.110)

!!--!!display_finds_element - 2022-01-13 14:46:01,290 - browser_actions - [browser_actions.py-->line:153] - ERROR: 元素不存在或者不可见：Message: no such window: target window already closed
from unknown error: web view not found
  (Session info: chrome=96.0.4664.110)

!!--!!nosuch_elements - 2022-01-13 14:46:01,292 - browser_actions - [browser_actions.py-->line:180] - ERROR: object of type 'NoneType' has no len()
!!--!!nosuch_elements - 2022-01-13 14:46:01,292 - browser_actions - [browser_actions.py-->line:180] - ERROR: object of type 'NoneType' has no len()
!!--!!display_click - 2022-01-13 14:46:01,293 - browser_actions - [browser_actions.py-->line:296] - ERROR: 'NoneType' object has no attribute 'click'
!!--!!display_click - 2022-01-13 14:46:01,293 - browser_actions - [browser_actions.py-->line:296] - ERROR: 'NoneType' object has no attribute 'click'
!!--!!choose_bos_lang - 2022-01-13 14:47:43,284 - common_method - [common_method.py-->line:124] - ERROR: 'NoneType' object has no attribute 'click'
!!--!!login_bos - 2022-01-13 14:47:43,289 - common_method - [common_method.py-->line:141] - ERROR: Message: no such window: target window already closed
from unknown error: web view not found
  (Session info: chrome=96.0.4664.110)

!!--!!display_finds_element - 2022-01-13 14:47:44,302 - browser_actions - [browser_actions.py-->line:153] - ERROR: 元素不存在或者不可见：Message: no such window: target window already closed
from unknown error: web view not found
  (Session info: chrome=96.0.4664.110)

!!--!!nosuch_elements - 2022-01-13 14:47:44,303 - browser_actions - [browser_actions.py-->line:180] - ERROR: object of type 'NoneType' has no len()
!!--!!display_click - 2022-01-13 14:47:44,304 - browser_actions - [browser_actions.py-->line:296] - ERROR: 'NoneType' object has no attribute 'click'
!!--!!display_finds_element - 2022-01-13 14:47:44,813 - browser_actions - [browser_actions.py-->line:153] - ERROR: 元素不存在或者不可见：Message: no such window: target window already closed
from unknown error: web view not found
  (Session info: chrome=96.0.4664.110)

!!--!!display_finds_element - 2022-01-13 14:47:44,813 - browser_actions - [browser_actions.py-->line:153] - ERROR: 元素不存在或者不可见：Message: no such window: target window already closed
from unknown error: web view not found
  (Session info: chrome=96.0.4664.110)

!!--!!nosuch_elements - 2022-01-13 14:47:44,816 - browser_actions - [browser_actions.py-->line:180] - ERROR: object of type 'NoneType' has no len()
!!--!!nosuch_elements - 2022-01-13 14:47:44,816 - browser_actions - [browser_actions.py-->line:180] - ERROR: object of type 'NoneType' has no len()
!!--!!display_click - 2022-01-13 14:47:44,817 - browser_actions - [browser_actions.py-->line:296] - ERROR: 'NoneType' object has no attribute 'click'
!!--!!display_click - 2022-01-13 14:47:44,817 - browser_actions - [browser_actions.py-->line:296] - ERROR: 'NoneType' object has no attribute 'click'
