!!--!!display_click - 2022-04-21 16:41:01,838 - browser_actions - [browser_actions.py-->line:318] - ERROR: Message: element click intercepted: Element <span data-v-ab84b692="" class="menu-font">...</span> is not clickable at point (99, 529). Other element would receive the click: <ul role="menu" class="el-menu el-menu--inline">...</ul>
  (Session info: chrome=100.0.4896.88)

!!--!!display_finds_element - 2022-04-21 16:41:07,927 - browser_actions - [browser_actions.py-->line:175] - ERROR: 元素不存在或者不可见：Message: 

!!--!!nosuch_elements - 2022-04-21 16:41:07,930 - browser_actions - [browser_actions.py-->line:202] - ERROR: object of type 'NoneType' has no len()
!!--!!display_click - 2022-04-21 16:41:07,932 - browser_actions - [browser_actions.py-->line:318] - ERROR: 'NoneType' object has no attribute 'click'
!!--!!display_click - 2022-04-21 16:41:07,932 - browser_actions - [browser_actions.py-->line:318] - ERROR: 'NoneType' object has no attribute 'click'
!!--!!display_finds_element - 2022-04-21 16:41:14,750 - browser_actions - [browser_actions.py-->line:175] - ERROR: 元素不存在或者不可见：Message: 

!!--!!display_finds_element - 2022-04-21 16:41:14,750 - browser_actions - [browser_actions.py-->line:175] - ERROR: 元素不存在或者不可见：Message: 

!!--!!nosuch_elements - 2022-04-21 16:41:14,755 - browser_actions - [browser_actions.py-->line:202] - ERROR: object of type 'NoneType' has no len()
!!--!!nosuch_elements - 2022-04-21 16:41:14,755 - browser_actions - [browser_actions.py-->line:202] - ERROR: object of type 'NoneType' has no len()
!!--!!display_click - 2022-04-21 16:41:14,760 - browser_actions - [browser_actions.py-->line:318] - ERROR: 'NoneType' object has no attribute 'click'
!!--!!display_click - 2022-04-21 16:41:14,760 - browser_actions - [browser_actions.py-->line:318] - ERROR: 'NoneType' object has no attribute 'click'
!!--!!display_click - 2022-04-21 16:41:14,760 - browser_actions - [browser_actions.py-->line:318] - ERROR: 'NoneType' object has no attribute 'click'
!!--!!display_finds_element - 2022-04-21 16:43:59,335 - browser_actions - [browser_actions.py-->line:175] - ERROR: 元素不存在或者不可见：Message: 

!!--!!nosuch_elements - 2022-04-21 16:43:59,342 - browser_actions - [browser_actions.py-->line:202] - ERROR: object of type 'NoneType' has no len()
!!--!!display_click - 2022-04-21 16:43:59,344 - browser_actions - [browser_actions.py-->line:318] - ERROR: 'NoneType' object has no attribute 'click'
!!--!!display_finds_element - 2022-04-21 16:44:06,271 - browser_actions - [browser_actions.py-->line:175] - ERROR: 元素不存在或者不可见：Message: 

!!--!!display_finds_element - 2022-04-21 16:44:06,271 - browser_actions - [browser_actions.py-->line:175] - ERROR: 元素不存在或者不可见：Message: 

!!--!!nosuch_elements - 2022-04-21 16:44:06,302 - browser_actions - [browser_actions.py-->line:202] - ERROR: object of type 'NoneType' has no len()
!!--!!nosuch_elements - 2022-04-21 16:44:06,302 - browser_actions - [browser_actions.py-->line:202] - ERROR: object of type 'NoneType' has no len()
!!--!!display_click - 2022-04-21 16:44:06,537 - browser_actions - [browser_actions.py-->line:318] - ERROR: 'NoneType' object has no attribute 'click'
!!--!!display_click - 2022-04-21 16:44:06,537 - browser_actions - [browser_actions.py-->line:318] - ERROR: 'NoneType' object has no attribute 'click'
